[2024-09-10T16:29:42.238+0000] {processor.py:157} INFO - Started process (PID=93) to work on /home/airflow/.local/lib/python3.8/site-packages/airflow/example_dags/example_latest_only.py
[2024-09-10T16:29:42.241+0000] {processor.py:829} INFO - Processing file /home/airflow/.local/lib/python3.8/site-packages/airflow/example_dags/example_latest_only.py for tasks to queue
[2024-09-10T16:29:42.250+0000] {logging_mixin.py:151} INFO - [2024-09-10T16:29:42.249+0000] {dagbag.py:539} INFO - Filling up the DagBag from /home/airflow/.local/lib/python3.8/site-packages/airflow/example_dags/example_latest_only.py
[2024-09-10T16:29:42.289+0000] {processor.py:839} INFO - DAG(s) dict_keys(['latest_only']) retrieved from /home/airflow/.local/lib/python3.8/site-packages/airflow/example_dags/example_latest_only.py
[2024-09-10T16:29:42.401+0000] {logging_mixin.py:151} INFO - [2024-09-10T16:29:42.401+0000] {dag.py:2907} INFO - Sync 1 DAGs
[2024-09-10T16:29:42.494+0000] {logging_mixin.py:151} INFO - [2024-09-10T16:29:42.493+0000] {dag.py:3677} INFO - Setting next_dagrun for latest_only to 2024-09-10T12:29:42.493494+00:00, run_after=2024-09-10T16:29:42.493494+00:00
[2024-09-10T16:29:42.555+0000] {processor.py:179} INFO - Processing /home/airflow/.local/lib/python3.8/site-packages/airflow/example_dags/example_latest_only.py took 0.334 seconds
[2024-09-10T16:30:15.193+0000] {processor.py:157} INFO - Started process (PID=149) to work on /home/airflow/.local/lib/python3.8/site-packages/airflow/example_dags/example_latest_only.py
[2024-09-10T16:30:15.203+0000] {processor.py:829} INFO - Processing file /home/airflow/.local/lib/python3.8/site-packages/airflow/example_dags/example_latest_only.py for tasks to queue
[2024-09-10T16:30:15.210+0000] {logging_mixin.py:151} INFO - [2024-09-10T16:30:15.209+0000] {dagbag.py:539} INFO - Filling up the DagBag from /home/airflow/.local/lib/python3.8/site-packages/airflow/example_dags/example_latest_only.py
[2024-09-10T16:30:15.234+0000] {processor.py:839} INFO - DAG(s) dict_keys(['latest_only']) retrieved from /home/airflow/.local/lib/python3.8/site-packages/airflow/example_dags/example_latest_only.py
[2024-09-10T16:30:15.306+0000] {logging_mixin.py:151} INFO - [2024-09-10T16:30:15.306+0000] {dag.py:2907} INFO - Sync 1 DAGs
[2024-09-10T16:30:15.418+0000] {logging_mixin.py:151} INFO - [2024-09-10T16:30:15.417+0000] {dag.py:3677} INFO - Setting next_dagrun for latest_only to 2024-09-10T12:30:15.417128+00:00, run_after=2024-09-10T16:30:15.417128+00:00
[2024-09-10T16:30:15.513+0000] {processor.py:179} INFO - Processing /home/airflow/.local/lib/python3.8/site-packages/airflow/example_dags/example_latest_only.py took 0.326 seconds
[2024-09-10T16:30:46.372+0000] {processor.py:157} INFO - Started process (PID=204) to work on /home/airflow/.local/lib/python3.8/site-packages/airflow/example_dags/example_latest_only.py
[2024-09-10T16:30:46.374+0000] {processor.py:829} INFO - Processing file /home/airflow/.local/lib/python3.8/site-packages/airflow/example_dags/example_latest_only.py for tasks to queue
[2024-09-10T16:30:46.377+0000] {logging_mixin.py:151} INFO - [2024-09-10T16:30:46.377+0000] {dagbag.py:539} INFO - Filling up the DagBag from /home/airflow/.local/lib/python3.8/site-packages/airflow/example_dags/example_latest_only.py
[2024-09-10T16:30:46.385+0000] {processor.py:839} INFO - DAG(s) dict_keys(['latest_only']) retrieved from /home/airflow/.local/lib/python3.8/site-packages/airflow/example_dags/example_latest_only.py
[2024-09-10T16:30:46.412+0000] {logging_mixin.py:151} INFO - [2024-09-10T16:30:46.412+0000] {dag.py:2907} INFO - Sync 1 DAGs
[2024-09-10T16:30:46.585+0000] {logging_mixin.py:151} INFO - [2024-09-10T16:30:46.584+0000] {dag.py:3677} INFO - Setting next_dagrun for latest_only to 2024-09-10T12:30:46.584533+00:00, run_after=2024-09-10T16:30:46.584533+00:00
[2024-09-10T16:30:46.607+0000] {processor.py:179} INFO - Processing /home/airflow/.local/lib/python3.8/site-packages/airflow/example_dags/example_latest_only.py took 0.239 seconds
[2024-09-10T16:31:17.388+0000] {processor.py:157} INFO - Started process (PID=261) to work on /home/airflow/.local/lib/python3.8/site-packages/airflow/example_dags/example_latest_only.py
[2024-09-10T16:31:17.389+0000] {processor.py:829} INFO - Processing file /home/airflow/.local/lib/python3.8/site-packages/airflow/example_dags/example_latest_only.py for tasks to queue
[2024-09-10T16:31:17.391+0000] {logging_mixin.py:151} INFO - [2024-09-10T16:31:17.391+0000] {dagbag.py:539} INFO - Filling up the DagBag from /home/airflow/.local/lib/python3.8/site-packages/airflow/example_dags/example_latest_only.py
[2024-09-10T16:31:17.396+0000] {processor.py:839} INFO - DAG(s) dict_keys(['latest_only']) retrieved from /home/airflow/.local/lib/python3.8/site-packages/airflow/example_dags/example_latest_only.py
[2024-09-10T16:31:17.421+0000] {logging_mixin.py:151} INFO - [2024-09-10T16:31:17.421+0000] {dag.py:2907} INFO - Sync 1 DAGs
[2024-09-10T16:31:17.445+0000] {logging_mixin.py:151} INFO - [2024-09-10T16:31:17.445+0000] {dag.py:3677} INFO - Setting next_dagrun for latest_only to 2024-09-10T12:31:17.445047+00:00, run_after=2024-09-10T16:31:17.445047+00:00
[2024-09-10T16:31:17.576+0000] {processor.py:179} INFO - Processing /home/airflow/.local/lib/python3.8/site-packages/airflow/example_dags/example_latest_only.py took 0.192 seconds
