[2024-09-10T16:29:20.302+0000] {processor.py:157} INFO - Started process (PID=62) to work on /home/airflow/.local/lib/python3.8/site-packages/airflow/example_dags/example_complex.py
[2024-09-10T16:29:20.304+0000] {processor.py:829} INFO - Processing file /home/airflow/.local/lib/python3.8/site-packages/airflow/example_dags/example_complex.py for tasks to queue
[2024-09-10T16:29:20.322+0000] {logging_mixin.py:151} INFO - [2024-09-10T16:29:20.316+0000] {dagbag.py:539} INFO - Filling up the DagBag from /home/airflow/.local/lib/python3.8/site-packages/airflow/example_dags/example_complex.py
[2024-09-10T16:29:20.397+0000] {processor.py:839} INFO - DAG(s) dict_keys(['example_complex']) retrieved from /home/airflow/.local/lib/python3.8/site-packages/airflow/example_dags/example_complex.py
[2024-09-10T16:29:20.569+0000] {logging_mixin.py:151} INFO - [2024-09-10T16:29:20.568+0000] {dag.py:2907} INFO - Sync 1 DAGs
[2024-09-10T16:29:20.638+0000] {logging_mixin.py:151} INFO - [2024-09-10T16:29:20.637+0000] {dag.py:3677} INFO - Setting next_dagrun for example_complex to None, run_after=None
[2024-09-10T16:29:20.713+0000] {processor.py:179} INFO - Processing /home/airflow/.local/lib/python3.8/site-packages/airflow/example_dags/example_complex.py took 0.428 seconds
[2024-09-10T16:29:50.803+0000] {processor.py:157} INFO - Started process (PID=116) to work on /home/airflow/.local/lib/python3.8/site-packages/airflow/example_dags/example_complex.py
[2024-09-10T16:29:50.806+0000] {processor.py:829} INFO - Processing file /home/airflow/.local/lib/python3.8/site-packages/airflow/example_dags/example_complex.py for tasks to queue
[2024-09-10T16:29:50.811+0000] {logging_mixin.py:151} INFO - [2024-09-10T16:29:50.810+0000] {dagbag.py:539} INFO - Filling up the DagBag from /home/airflow/.local/lib/python3.8/site-packages/airflow/example_dags/example_complex.py
[2024-09-10T16:29:50.835+0000] {processor.py:839} INFO - DAG(s) dict_keys(['example_complex']) retrieved from /home/airflow/.local/lib/python3.8/site-packages/airflow/example_dags/example_complex.py
[2024-09-10T16:29:50.906+0000] {logging_mixin.py:151} INFO - [2024-09-10T16:29:50.906+0000] {dag.py:2907} INFO - Sync 1 DAGs
[2024-09-10T16:29:50.934+0000] {logging_mixin.py:151} INFO - [2024-09-10T16:29:50.934+0000] {dag.py:3677} INFO - Setting next_dagrun for example_complex to None, run_after=None
[2024-09-10T16:29:50.979+0000] {processor.py:179} INFO - Processing /home/airflow/.local/lib/python3.8/site-packages/airflow/example_dags/example_complex.py took 0.182 seconds
[2024-09-10T16:30:21.565+0000] {processor.py:157} INFO - Started process (PID=172) to work on /home/airflow/.local/lib/python3.8/site-packages/airflow/example_dags/example_complex.py
[2024-09-10T16:30:21.568+0000] {processor.py:829} INFO - Processing file /home/airflow/.local/lib/python3.8/site-packages/airflow/example_dags/example_complex.py for tasks to queue
[2024-09-10T16:30:21.572+0000] {logging_mixin.py:151} INFO - [2024-09-10T16:30:21.571+0000] {dagbag.py:539} INFO - Filling up the DagBag from /home/airflow/.local/lib/python3.8/site-packages/airflow/example_dags/example_complex.py
[2024-09-10T16:30:21.591+0000] {processor.py:839} INFO - DAG(s) dict_keys(['example_complex']) retrieved from /home/airflow/.local/lib/python3.8/site-packages/airflow/example_dags/example_complex.py
[2024-09-10T16:30:21.647+0000] {logging_mixin.py:151} INFO - [2024-09-10T16:30:21.647+0000] {dag.py:2907} INFO - Sync 1 DAGs
[2024-09-10T16:30:21.670+0000] {logging_mixin.py:151} INFO - [2024-09-10T16:30:21.670+0000] {dag.py:3677} INFO - Setting next_dagrun for example_complex to None, run_after=None
[2024-09-10T16:30:21.708+0000] {processor.py:179} INFO - Processing /home/airflow/.local/lib/python3.8/site-packages/airflow/example_dags/example_complex.py took 0.150 seconds
[2024-09-10T16:30:52.568+0000] {processor.py:157} INFO - Started process (PID=227) to work on /home/airflow/.local/lib/python3.8/site-packages/airflow/example_dags/example_complex.py
[2024-09-10T16:30:52.570+0000] {processor.py:829} INFO - Processing file /home/airflow/.local/lib/python3.8/site-packages/airflow/example_dags/example_complex.py for tasks to queue
[2024-09-10T16:30:52.574+0000] {logging_mixin.py:151} INFO - [2024-09-10T16:30:52.574+0000] {dagbag.py:539} INFO - Filling up the DagBag from /home/airflow/.local/lib/python3.8/site-packages/airflow/example_dags/example_complex.py
[2024-09-10T16:30:52.593+0000] {processor.py:839} INFO - DAG(s) dict_keys(['example_complex']) retrieved from /home/airflow/.local/lib/python3.8/site-packages/airflow/example_dags/example_complex.py
[2024-09-10T16:30:52.646+0000] {logging_mixin.py:151} INFO - [2024-09-10T16:30:52.646+0000] {dag.py:2907} INFO - Sync 1 DAGs
[2024-09-10T16:30:52.669+0000] {logging_mixin.py:151} INFO - [2024-09-10T16:30:52.669+0000] {dag.py:3677} INFO - Setting next_dagrun for example_complex to None, run_after=None
[2024-09-10T16:30:52.695+0000] {processor.py:179} INFO - Processing /home/airflow/.local/lib/python3.8/site-packages/airflow/example_dags/example_complex.py took 0.132 seconds
