[2024-09-10T16:29:18.686+0000] {processor.py:157} INFO - Started process (PID=56) to work on /home/airflow/.local/lib/python3.8/site-packages/airflow/example_dags/example_dynamic_task_mapping_with_no_taskflow_operators.py
[2024-09-10T16:29:18.689+0000] {processor.py:829} INFO - Processing file /home/airflow/.local/lib/python3.8/site-packages/airflow/example_dags/example_dynamic_task_mapping_with_no_taskflow_operators.py for tasks to queue
[2024-09-10T16:29:18.697+0000] {logging_mixin.py:151} INFO - [2024-09-10T16:29:18.696+0000] {dagbag.py:539} INFO - Filling up the DagBag from /home/airflow/.local/lib/python3.8/site-packages/airflow/example_dags/example_dynamic_task_mapping_with_no_taskflow_operators.py
[2024-09-10T16:29:18.739+0000] {processor.py:839} INFO - DAG(s) dict_keys(['example_dynamic_task_mapping_with_no_taskflow_operators']) retrieved from /home/airflow/.local/lib/python3.8/site-packages/airflow/example_dags/example_dynamic_task_mapping_with_no_taskflow_operators.py
[2024-09-10T16:29:18.908+0000] {logging_mixin.py:151} INFO - [2024-09-10T16:29:18.907+0000] {dag.py:2907} INFO - Sync 1 DAGs
[2024-09-10T16:29:19.031+0000] {logging_mixin.py:151} INFO - [2024-09-10T16:29:19.030+0000] {dag.py:3677} INFO - Setting next_dagrun for example_dynamic_task_mapping_with_no_taskflow_operators to 2024-09-09T16:29:19.027791+00:00, run_after=2024-09-10T16:29:19.027791+00:00
[2024-09-10T16:29:19.129+0000] {processor.py:179} INFO - Processing /home/airflow/.local/lib/python3.8/site-packages/airflow/example_dags/example_dynamic_task_mapping_with_no_taskflow_operators.py took 0.464 seconds
[2024-09-10T16:29:49.701+0000] {processor.py:157} INFO - Started process (PID=110) to work on /home/airflow/.local/lib/python3.8/site-packages/airflow/example_dags/example_dynamic_task_mapping_with_no_taskflow_operators.py
[2024-09-10T16:29:49.703+0000] {processor.py:829} INFO - Processing file /home/airflow/.local/lib/python3.8/site-packages/airflow/example_dags/example_dynamic_task_mapping_with_no_taskflow_operators.py for tasks to queue
[2024-09-10T16:29:49.707+0000] {logging_mixin.py:151} INFO - [2024-09-10T16:29:49.707+0000] {dagbag.py:539} INFO - Filling up the DagBag from /home/airflow/.local/lib/python3.8/site-packages/airflow/example_dags/example_dynamic_task_mapping_with_no_taskflow_operators.py
[2024-09-10T16:29:49.746+0000] {processor.py:839} INFO - DAG(s) dict_keys(['example_dynamic_task_mapping_with_no_taskflow_operators']) retrieved from /home/airflow/.local/lib/python3.8/site-packages/airflow/example_dags/example_dynamic_task_mapping_with_no_taskflow_operators.py
[2024-09-10T16:29:49.804+0000] {logging_mixin.py:151} INFO - [2024-09-10T16:29:49.803+0000] {dag.py:2907} INFO - Sync 1 DAGs
[2024-09-10T16:29:49.869+0000] {logging_mixin.py:151} INFO - [2024-09-10T16:29:49.869+0000] {dag.py:3677} INFO - Setting next_dagrun for example_dynamic_task_mapping_with_no_taskflow_operators to 2024-09-09T16:29:49.865592+00:00, run_after=2024-09-10T16:29:49.865592+00:00
[2024-09-10T16:29:49.941+0000] {processor.py:179} INFO - Processing /home/airflow/.local/lib/python3.8/site-packages/airflow/example_dags/example_dynamic_task_mapping_with_no_taskflow_operators.py took 0.248 seconds
[2024-09-10T16:30:20.979+0000] {processor.py:157} INFO - Started process (PID=166) to work on /home/airflow/.local/lib/python3.8/site-packages/airflow/example_dags/example_dynamic_task_mapping_with_no_taskflow_operators.py
[2024-09-10T16:30:20.982+0000] {processor.py:829} INFO - Processing file /home/airflow/.local/lib/python3.8/site-packages/airflow/example_dags/example_dynamic_task_mapping_with_no_taskflow_operators.py for tasks to queue
[2024-09-10T16:30:20.987+0000] {logging_mixin.py:151} INFO - [2024-09-10T16:30:20.986+0000] {dagbag.py:539} INFO - Filling up the DagBag from /home/airflow/.local/lib/python3.8/site-packages/airflow/example_dags/example_dynamic_task_mapping_with_no_taskflow_operators.py
[2024-09-10T16:30:21.003+0000] {processor.py:839} INFO - DAG(s) dict_keys(['example_dynamic_task_mapping_with_no_taskflow_operators']) retrieved from /home/airflow/.local/lib/python3.8/site-packages/airflow/example_dags/example_dynamic_task_mapping_with_no_taskflow_operators.py
[2024-09-10T16:30:21.044+0000] {logging_mixin.py:151} INFO - [2024-09-10T16:30:21.043+0000] {dag.py:2907} INFO - Sync 1 DAGs
[2024-09-10T16:30:21.088+0000] {logging_mixin.py:151} INFO - [2024-09-10T16:30:21.087+0000] {dag.py:3677} INFO - Setting next_dagrun for example_dynamic_task_mapping_with_no_taskflow_operators to 2024-09-09T16:30:21.086976+00:00, run_after=2024-09-10T16:30:21.086976+00:00
[2024-09-10T16:30:21.118+0000] {processor.py:179} INFO - Processing /home/airflow/.local/lib/python3.8/site-packages/airflow/example_dags/example_dynamic_task_mapping_with_no_taskflow_operators.py took 0.146 seconds
[2024-09-10T16:30:51.680+0000] {processor.py:157} INFO - Started process (PID=221) to work on /home/airflow/.local/lib/python3.8/site-packages/airflow/example_dags/example_dynamic_task_mapping_with_no_taskflow_operators.py
[2024-09-10T16:30:51.682+0000] {processor.py:829} INFO - Processing file /home/airflow/.local/lib/python3.8/site-packages/airflow/example_dags/example_dynamic_task_mapping_with_no_taskflow_operators.py for tasks to queue
[2024-09-10T16:30:51.685+0000] {logging_mixin.py:151} INFO - [2024-09-10T16:30:51.685+0000] {dagbag.py:539} INFO - Filling up the DagBag from /home/airflow/.local/lib/python3.8/site-packages/airflow/example_dags/example_dynamic_task_mapping_with_no_taskflow_operators.py
[2024-09-10T16:30:51.697+0000] {processor.py:839} INFO - DAG(s) dict_keys(['example_dynamic_task_mapping_with_no_taskflow_operators']) retrieved from /home/airflow/.local/lib/python3.8/site-packages/airflow/example_dags/example_dynamic_task_mapping_with_no_taskflow_operators.py
[2024-09-10T16:30:51.914+0000] {logging_mixin.py:151} INFO - [2024-09-10T16:30:51.913+0000] {dag.py:2907} INFO - Sync 1 DAGs
[2024-09-10T16:30:51.958+0000] {logging_mixin.py:151} INFO - [2024-09-10T16:30:51.957+0000] {dag.py:3677} INFO - Setting next_dagrun for example_dynamic_task_mapping_with_no_taskflow_operators to 2024-09-09T16:30:51.957581+00:00, run_after=2024-09-10T16:30:51.957581+00:00
[2024-09-10T16:30:52.000+0000] {processor.py:179} INFO - Processing /home/airflow/.local/lib/python3.8/site-packages/airflow/example_dags/example_dynamic_task_mapping_with_no_taskflow_operators.py took 0.325 seconds
