[2024-09-10T16:29:23.074+0000] {processor.py:157} INFO - Started process (PID=68) to work on /home/airflow/.local/lib/python3.8/site-packages/airflow/example_dags/example_branch_python_dop_operator_3.py
[2024-09-10T16:29:23.079+0000] {processor.py:829} INFO - Processing file /home/airflow/.local/lib/python3.8/site-packages/airflow/example_dags/example_branch_python_dop_operator_3.py for tasks to queue
[2024-09-10T16:29:23.110+0000] {logging_mixin.py:151} INFO - [2024-09-10T16:29:23.093+0000] {dagbag.py:539} INFO - Filling up the DagBag from /home/airflow/.local/lib/python3.8/site-packages/airflow/example_dags/example_branch_python_dop_operator_3.py
[2024-09-10T16:29:23.152+0000] {processor.py:839} INFO - DAG(s) dict_keys(['example_branch_dop_operator_v3']) retrieved from /home/airflow/.local/lib/python3.8/site-packages/airflow/example_dags/example_branch_python_dop_operator_3.py
[2024-09-10T16:29:23.319+0000] {logging_mixin.py:151} INFO - [2024-09-10T16:29:23.319+0000] {dag.py:2907} INFO - Sync 1 DAGs
[2024-09-10T16:29:23.529+0000] {logging_mixin.py:151} INFO - [2024-09-10T16:29:23.529+0000] {dag.py:3677} INFO - Setting next_dagrun for example_branch_dop_operator_v3 to 2024-09-10T16:28:00+00:00, run_after=2024-09-10T16:29:00+00:00
[2024-09-10T16:29:23.649+0000] {processor.py:179} INFO - Processing /home/airflow/.local/lib/python3.8/site-packages/airflow/example_dags/example_branch_python_dop_operator_3.py took 0.594 seconds
[2024-09-10T16:29:54.516+0000] {processor.py:157} INFO - Started process (PID=122) to work on /home/airflow/.local/lib/python3.8/site-packages/airflow/example_dags/example_branch_python_dop_operator_3.py
[2024-09-10T16:29:54.517+0000] {processor.py:829} INFO - Processing file /home/airflow/.local/lib/python3.8/site-packages/airflow/example_dags/example_branch_python_dop_operator_3.py for tasks to queue
[2024-09-10T16:29:54.520+0000] {logging_mixin.py:151} INFO - [2024-09-10T16:29:54.520+0000] {dagbag.py:539} INFO - Filling up the DagBag from /home/airflow/.local/lib/python3.8/site-packages/airflow/example_dags/example_branch_python_dop_operator_3.py
[2024-09-10T16:29:54.534+0000] {processor.py:839} INFO - DAG(s) dict_keys(['example_branch_dop_operator_v3']) retrieved from /home/airflow/.local/lib/python3.8/site-packages/airflow/example_dags/example_branch_python_dop_operator_3.py
[2024-09-10T16:29:54.562+0000] {logging_mixin.py:151} INFO - [2024-09-10T16:29:54.562+0000] {dag.py:2907} INFO - Sync 1 DAGs
[2024-09-10T16:29:54.602+0000] {logging_mixin.py:151} INFO - [2024-09-10T16:29:54.602+0000] {dag.py:3677} INFO - Setting next_dagrun for example_branch_dop_operator_v3 to 2024-09-10T16:28:00+00:00, run_after=2024-09-10T16:29:00+00:00
[2024-09-10T16:29:54.626+0000] {processor.py:179} INFO - Processing /home/airflow/.local/lib/python3.8/site-packages/airflow/example_dags/example_branch_python_dop_operator_3.py took 0.114 seconds
[2024-09-10T16:30:25.209+0000] {processor.py:157} INFO - Started process (PID=178) to work on /home/airflow/.local/lib/python3.8/site-packages/airflow/example_dags/example_branch_python_dop_operator_3.py
[2024-09-10T16:30:25.211+0000] {processor.py:829} INFO - Processing file /home/airflow/.local/lib/python3.8/site-packages/airflow/example_dags/example_branch_python_dop_operator_3.py for tasks to queue
[2024-09-10T16:30:25.216+0000] {logging_mixin.py:151} INFO - [2024-09-10T16:30:25.215+0000] {dagbag.py:539} INFO - Filling up the DagBag from /home/airflow/.local/lib/python3.8/site-packages/airflow/example_dags/example_branch_python_dop_operator_3.py
[2024-09-10T16:30:25.229+0000] {processor.py:839} INFO - DAG(s) dict_keys(['example_branch_dop_operator_v3']) retrieved from /home/airflow/.local/lib/python3.8/site-packages/airflow/example_dags/example_branch_python_dop_operator_3.py
[2024-09-10T16:30:25.259+0000] {logging_mixin.py:151} INFO - [2024-09-10T16:30:25.258+0000] {dag.py:2907} INFO - Sync 1 DAGs
[2024-09-10T16:30:25.294+0000] {logging_mixin.py:151} INFO - [2024-09-10T16:30:25.294+0000] {dag.py:3677} INFO - Setting next_dagrun for example_branch_dop_operator_v3 to 2024-09-10T16:29:00+00:00, run_after=2024-09-10T16:30:00+00:00
[2024-09-10T16:30:25.327+0000] {processor.py:179} INFO - Processing /home/airflow/.local/lib/python3.8/site-packages/airflow/example_dags/example_branch_python_dop_operator_3.py took 0.124 seconds
[2024-09-10T16:30:56.212+0000] {processor.py:157} INFO - Started process (PID=233) to work on /home/airflow/.local/lib/python3.8/site-packages/airflow/example_dags/example_branch_python_dop_operator_3.py
[2024-09-10T16:30:56.213+0000] {processor.py:829} INFO - Processing file /home/airflow/.local/lib/python3.8/site-packages/airflow/example_dags/example_branch_python_dop_operator_3.py for tasks to queue
[2024-09-10T16:30:56.215+0000] {logging_mixin.py:151} INFO - [2024-09-10T16:30:56.215+0000] {dagbag.py:539} INFO - Filling up the DagBag from /home/airflow/.local/lib/python3.8/site-packages/airflow/example_dags/example_branch_python_dop_operator_3.py
[2024-09-10T16:30:56.224+0000] {processor.py:839} INFO - DAG(s) dict_keys(['example_branch_dop_operator_v3']) retrieved from /home/airflow/.local/lib/python3.8/site-packages/airflow/example_dags/example_branch_python_dop_operator_3.py
[2024-09-10T16:30:56.247+0000] {logging_mixin.py:151} INFO - [2024-09-10T16:30:56.247+0000] {dag.py:2907} INFO - Sync 1 DAGs
[2024-09-10T16:30:56.279+0000] {logging_mixin.py:151} INFO - [2024-09-10T16:30:56.278+0000] {dag.py:3677} INFO - Setting next_dagrun for example_branch_dop_operator_v3 to 2024-09-10T16:29:00+00:00, run_after=2024-09-10T16:30:00+00:00
[2024-09-10T16:30:56.303+0000] {processor.py:179} INFO - Processing /home/airflow/.local/lib/python3.8/site-packages/airflow/example_dags/example_branch_python_dop_operator_3.py took 0.094 seconds
