[2024-09-10T16:29:24.601+0000] {processor.py:157} INFO - Started process (PID=71) to work on /home/airflow/.local/lib/python3.8/site-packages/airflow/example_dags/example_latest_only_with_trigger.py
[2024-09-10T16:29:24.617+0000] {processor.py:829} INFO - Processing file /home/airflow/.local/lib/python3.8/site-packages/airflow/example_dags/example_latest_only_with_trigger.py for tasks to queue
[2024-09-10T16:29:24.670+0000] {logging_mixin.py:151} INFO - [2024-09-10T16:29:24.663+0000] {dagbag.py:539} INFO - Filling up the DagBag from /home/airflow/.local/lib/python3.8/site-packages/airflow/example_dags/example_latest_only_with_trigger.py
[2024-09-10T16:29:24.733+0000] {processor.py:839} INFO - DAG(s) dict_keys(['latest_only_with_trigger']) retrieved from /home/airflow/.local/lib/python3.8/site-packages/airflow/example_dags/example_latest_only_with_trigger.py
[2024-09-10T16:29:24.797+0000] {logging_mixin.py:151} INFO - [2024-09-10T16:29:24.797+0000] {dag.py:2907} INFO - Sync 1 DAGs
[2024-09-10T16:29:25.014+0000] {logging_mixin.py:151} INFO - [2024-09-10T16:29:25.013+0000] {dag.py:3677} INFO - Setting next_dagrun for latest_only_with_trigger to 2024-09-10T12:29:25.003844+00:00, run_after=2024-09-10T16:29:25.003844+00:00
[2024-09-10T16:29:25.088+0000] {processor.py:179} INFO - Processing /home/airflow/.local/lib/python3.8/site-packages/airflow/example_dags/example_latest_only_with_trigger.py took 0.508 seconds
[2024-09-10T16:29:55.803+0000] {processor.py:157} INFO - Started process (PID=125) to work on /home/airflow/.local/lib/python3.8/site-packages/airflow/example_dags/example_latest_only_with_trigger.py
[2024-09-10T16:29:55.804+0000] {processor.py:829} INFO - Processing file /home/airflow/.local/lib/python3.8/site-packages/airflow/example_dags/example_latest_only_with_trigger.py for tasks to queue
[2024-09-10T16:29:55.808+0000] {logging_mixin.py:151} INFO - [2024-09-10T16:29:55.807+0000] {dagbag.py:539} INFO - Filling up the DagBag from /home/airflow/.local/lib/python3.8/site-packages/airflow/example_dags/example_latest_only_with_trigger.py
[2024-09-10T16:29:55.815+0000] {processor.py:839} INFO - DAG(s) dict_keys(['latest_only_with_trigger']) retrieved from /home/airflow/.local/lib/python3.8/site-packages/airflow/example_dags/example_latest_only_with_trigger.py
[2024-09-10T16:29:55.849+0000] {logging_mixin.py:151} INFO - [2024-09-10T16:29:55.848+0000] {dag.py:2907} INFO - Sync 1 DAGs
[2024-09-10T16:29:55.890+0000] {logging_mixin.py:151} INFO - [2024-09-10T16:29:55.889+0000] {dag.py:3677} INFO - Setting next_dagrun for latest_only_with_trigger to 2024-09-10T12:29:55.889159+00:00, run_after=2024-09-10T16:29:55.889159+00:00
[2024-09-10T16:29:55.925+0000] {processor.py:179} INFO - Processing /home/airflow/.local/lib/python3.8/site-packages/airflow/example_dags/example_latest_only_with_trigger.py took 0.127 seconds
[2024-09-10T16:30:26.367+0000] {processor.py:157} INFO - Started process (PID=181) to work on /home/airflow/.local/lib/python3.8/site-packages/airflow/example_dags/example_latest_only_with_trigger.py
[2024-09-10T16:30:26.369+0000] {processor.py:829} INFO - Processing file /home/airflow/.local/lib/python3.8/site-packages/airflow/example_dags/example_latest_only_with_trigger.py for tasks to queue
[2024-09-10T16:30:26.372+0000] {logging_mixin.py:151} INFO - [2024-09-10T16:30:26.372+0000] {dagbag.py:539} INFO - Filling up the DagBag from /home/airflow/.local/lib/python3.8/site-packages/airflow/example_dags/example_latest_only_with_trigger.py
[2024-09-10T16:30:26.378+0000] {processor.py:839} INFO - DAG(s) dict_keys(['latest_only_with_trigger']) retrieved from /home/airflow/.local/lib/python3.8/site-packages/airflow/example_dags/example_latest_only_with_trigger.py
[2024-09-10T16:30:26.407+0000] {logging_mixin.py:151} INFO - [2024-09-10T16:30:26.407+0000] {dag.py:2907} INFO - Sync 1 DAGs
[2024-09-10T16:30:26.439+0000] {logging_mixin.py:151} INFO - [2024-09-10T16:30:26.439+0000] {dag.py:3677} INFO - Setting next_dagrun for latest_only_with_trigger to 2024-09-10T12:30:26.438842+00:00, run_after=2024-09-10T16:30:26.438842+00:00
[2024-09-10T16:30:26.470+0000] {processor.py:179} INFO - Processing /home/airflow/.local/lib/python3.8/site-packages/airflow/example_dags/example_latest_only_with_trigger.py took 0.107 seconds
[2024-09-10T16:30:57.355+0000] {processor.py:157} INFO - Started process (PID=236) to work on /home/airflow/.local/lib/python3.8/site-packages/airflow/example_dags/example_latest_only_with_trigger.py
[2024-09-10T16:30:57.357+0000] {processor.py:829} INFO - Processing file /home/airflow/.local/lib/python3.8/site-packages/airflow/example_dags/example_latest_only_with_trigger.py for tasks to queue
[2024-09-10T16:30:57.361+0000] {logging_mixin.py:151} INFO - [2024-09-10T16:30:57.361+0000] {dagbag.py:539} INFO - Filling up the DagBag from /home/airflow/.local/lib/python3.8/site-packages/airflow/example_dags/example_latest_only_with_trigger.py
[2024-09-10T16:30:57.368+0000] {processor.py:839} INFO - DAG(s) dict_keys(['latest_only_with_trigger']) retrieved from /home/airflow/.local/lib/python3.8/site-packages/airflow/example_dags/example_latest_only_with_trigger.py
[2024-09-10T16:30:57.402+0000] {logging_mixin.py:151} INFO - [2024-09-10T16:30:57.401+0000] {dag.py:2907} INFO - Sync 1 DAGs
[2024-09-10T16:30:57.432+0000] {logging_mixin.py:151} INFO - [2024-09-10T16:30:57.431+0000] {dag.py:3677} INFO - Setting next_dagrun for latest_only_with_trigger to 2024-09-10T12:30:57.431658+00:00, run_after=2024-09-10T16:30:57.431658+00:00
[2024-09-10T16:30:57.456+0000] {processor.py:179} INFO - Processing /home/airflow/.local/lib/python3.8/site-packages/airflow/example_dags/example_latest_only_with_trigger.py took 0.109 seconds
