[2024-09-10T16:29:42.595+0000] {processor.py:157} INFO - Started process (PID=94) to work on /home/airflow/.local/lib/python3.8/site-packages/airflow/example_dags/example_python_operator.py
[2024-09-10T16:29:42.598+0000] {processor.py:829} INFO - Processing file /home/airflow/.local/lib/python3.8/site-packages/airflow/example_dags/example_python_operator.py for tasks to queue
[2024-09-10T16:29:42.602+0000] {logging_mixin.py:151} INFO - [2024-09-10T16:29:42.601+0000] {dagbag.py:539} INFO - Filling up the DagBag from /home/airflow/.local/lib/python3.8/site-packages/airflow/example_dags/example_python_operator.py
[2024-09-10T16:29:42.630+0000] {processor.py:839} INFO - DAG(s) dict_keys(['example_python_operator']) retrieved from /home/airflow/.local/lib/python3.8/site-packages/airflow/example_dags/example_python_operator.py
[2024-09-10T16:29:43.004+0000] {logging_mixin.py:151} INFO - [2024-09-10T16:29:43.003+0000] {dag.py:2907} INFO - Sync 1 DAGs
[2024-09-10T16:29:43.074+0000] {logging_mixin.py:151} INFO - [2024-09-10T16:29:43.074+0000] {dag.py:3677} INFO - Setting next_dagrun for example_python_operator to None, run_after=None
[2024-09-10T16:29:43.148+0000] {processor.py:179} INFO - Processing /home/airflow/.local/lib/python3.8/site-packages/airflow/example_dags/example_python_operator.py took 0.559 seconds
[2024-09-10T16:30:15.203+0000] {processor.py:157} INFO - Started process (PID=150) to work on /home/airflow/.local/lib/python3.8/site-packages/airflow/example_dags/example_python_operator.py
[2024-09-10T16:30:15.209+0000] {processor.py:829} INFO - Processing file /home/airflow/.local/lib/python3.8/site-packages/airflow/example_dags/example_python_operator.py for tasks to queue
[2024-09-10T16:30:15.220+0000] {logging_mixin.py:151} INFO - [2024-09-10T16:30:15.218+0000] {dagbag.py:539} INFO - Filling up the DagBag from /home/airflow/.local/lib/python3.8/site-packages/airflow/example_dags/example_python_operator.py
[2024-09-10T16:30:15.261+0000] {processor.py:839} INFO - DAG(s) dict_keys(['example_python_operator']) retrieved from /home/airflow/.local/lib/python3.8/site-packages/airflow/example_dags/example_python_operator.py
[2024-09-10T16:30:15.382+0000] {logging_mixin.py:151} INFO - [2024-09-10T16:30:15.381+0000] {dag.py:2907} INFO - Sync 1 DAGs
[2024-09-10T16:30:15.452+0000] {logging_mixin.py:151} INFO - [2024-09-10T16:30:15.451+0000] {dag.py:3677} INFO - Setting next_dagrun for example_python_operator to None, run_after=None
[2024-09-10T16:30:15.525+0000] {processor.py:179} INFO - Processing /home/airflow/.local/lib/python3.8/site-packages/airflow/example_dags/example_python_operator.py took 0.339 seconds
[2024-09-10T16:30:46.374+0000] {processor.py:157} INFO - Started process (PID=205) to work on /home/airflow/.local/lib/python3.8/site-packages/airflow/example_dags/example_python_operator.py
[2024-09-10T16:30:46.376+0000] {processor.py:829} INFO - Processing file /home/airflow/.local/lib/python3.8/site-packages/airflow/example_dags/example_python_operator.py for tasks to queue
[2024-09-10T16:30:46.378+0000] {logging_mixin.py:151} INFO - [2024-09-10T16:30:46.378+0000] {dagbag.py:539} INFO - Filling up the DagBag from /home/airflow/.local/lib/python3.8/site-packages/airflow/example_dags/example_python_operator.py
[2024-09-10T16:30:46.393+0000] {processor.py:839} INFO - DAG(s) dict_keys(['example_python_operator']) retrieved from /home/airflow/.local/lib/python3.8/site-packages/airflow/example_dags/example_python_operator.py
[2024-09-10T16:30:46.422+0000] {logging_mixin.py:151} INFO - [2024-09-10T16:30:46.422+0000] {dag.py:2907} INFO - Sync 1 DAGs
[2024-09-10T16:30:46.570+0000] {logging_mixin.py:151} INFO - [2024-09-10T16:30:46.570+0000] {dag.py:3677} INFO - Setting next_dagrun for example_python_operator to None, run_after=None
[2024-09-10T16:30:46.595+0000] {processor.py:179} INFO - Processing /home/airflow/.local/lib/python3.8/site-packages/airflow/example_dags/example_python_operator.py took 0.226 seconds
[2024-09-10T16:31:17.506+0000] {processor.py:157} INFO - Started process (PID=262) to work on /home/airflow/.local/lib/python3.8/site-packages/airflow/example_dags/example_python_operator.py
[2024-09-10T16:31:17.507+0000] {processor.py:829} INFO - Processing file /home/airflow/.local/lib/python3.8/site-packages/airflow/example_dags/example_python_operator.py for tasks to queue
[2024-09-10T16:31:17.510+0000] {logging_mixin.py:151} INFO - [2024-09-10T16:31:17.509+0000] {dagbag.py:539} INFO - Filling up the DagBag from /home/airflow/.local/lib/python3.8/site-packages/airflow/example_dags/example_python_operator.py
[2024-09-10T16:31:17.521+0000] {processor.py:839} INFO - DAG(s) dict_keys(['example_python_operator']) retrieved from /home/airflow/.local/lib/python3.8/site-packages/airflow/example_dags/example_python_operator.py
[2024-09-10T16:31:17.549+0000] {logging_mixin.py:151} INFO - [2024-09-10T16:31:17.549+0000] {dag.py:2907} INFO - Sync 1 DAGs
[2024-09-10T16:31:17.564+0000] {logging_mixin.py:151} INFO - [2024-09-10T16:31:17.564+0000] {dag.py:3677} INFO - Setting next_dagrun for example_python_operator to None, run_after=None
[2024-09-10T16:31:17.693+0000] {processor.py:179} INFO - Processing /home/airflow/.local/lib/python3.8/site-packages/airflow/example_dags/example_python_operator.py took 0.192 seconds
