[2024-09-10T16:29:12.713+0000] {processor.py:157} INFO - Started process (PID=47) to work on /home/airflow/.local/lib/python3.8/site-packages/airflow/example_dags/example_nested_branch_dag.py
[2024-09-10T16:29:12.789+0000] {processor.py:829} INFO - Processing file /home/airflow/.local/lib/python3.8/site-packages/airflow/example_dags/example_nested_branch_dag.py for tasks to queue
[2024-09-10T16:29:12.809+0000] {logging_mixin.py:151} INFO - [2024-09-10T16:29:12.797+0000] {dagbag.py:539} INFO - Filling up the DagBag from /home/airflow/.local/lib/python3.8/site-packages/airflow/example_dags/example_nested_branch_dag.py
[2024-09-10T16:29:12.975+0000] {processor.py:839} INFO - DAG(s) dict_keys(['example_nested_branch_dag']) retrieved from /home/airflow/.local/lib/python3.8/site-packages/airflow/example_dags/example_nested_branch_dag.py
[2024-09-10T16:29:13.487+0000] {logging_mixin.py:151} INFO - [2024-09-10T16:29:13.486+0000] {dag.py:2907} INFO - Sync 1 DAGs
[2024-09-10T16:29:13.715+0000] {logging_mixin.py:151} INFO - [2024-09-10T16:29:13.714+0000] {dag.py:3677} INFO - Setting next_dagrun for example_nested_branch_dag to 2024-09-09T00:00:00+00:00, run_after=2024-09-10T00:00:00+00:00
[2024-09-10T16:29:13.948+0000] {processor.py:179} INFO - Processing /home/airflow/.local/lib/python3.8/site-packages/airflow/example_dags/example_nested_branch_dag.py took 1.567 seconds
[2024-09-10T16:29:44.606+0000] {processor.py:157} INFO - Started process (PID=100) to work on /home/airflow/.local/lib/python3.8/site-packages/airflow/example_dags/example_nested_branch_dag.py
[2024-09-10T16:29:44.609+0000] {processor.py:829} INFO - Processing file /home/airflow/.local/lib/python3.8/site-packages/airflow/example_dags/example_nested_branch_dag.py for tasks to queue
[2024-09-10T16:29:44.613+0000] {logging_mixin.py:151} INFO - [2024-09-10T16:29:44.612+0000] {dagbag.py:539} INFO - Filling up the DagBag from /home/airflow/.local/lib/python3.8/site-packages/airflow/example_dags/example_nested_branch_dag.py
[2024-09-10T16:29:44.640+0000] {processor.py:839} INFO - DAG(s) dict_keys(['example_nested_branch_dag']) retrieved from /home/airflow/.local/lib/python3.8/site-packages/airflow/example_dags/example_nested_branch_dag.py
[2024-09-10T16:29:44.721+0000] {logging_mixin.py:151} INFO - [2024-09-10T16:29:44.721+0000] {dag.py:2907} INFO - Sync 1 DAGs
[2024-09-10T16:29:44.775+0000] {logging_mixin.py:151} INFO - [2024-09-10T16:29:44.774+0000] {dag.py:3677} INFO - Setting next_dagrun for example_nested_branch_dag to 2024-09-09T00:00:00+00:00, run_after=2024-09-10T00:00:00+00:00
[2024-09-10T16:29:44.827+0000] {processor.py:179} INFO - Processing /home/airflow/.local/lib/python3.8/site-packages/airflow/example_dags/example_nested_branch_dag.py took 0.229 seconds
[2024-09-10T16:30:15.868+0000] {processor.py:157} INFO - Started process (PID=152) to work on /home/airflow/.local/lib/python3.8/site-packages/airflow/example_dags/example_nested_branch_dag.py
[2024-09-10T16:30:15.871+0000] {processor.py:829} INFO - Processing file /home/airflow/.local/lib/python3.8/site-packages/airflow/example_dags/example_nested_branch_dag.py for tasks to queue
[2024-09-10T16:30:15.875+0000] {logging_mixin.py:151} INFO - [2024-09-10T16:30:15.875+0000] {dagbag.py:539} INFO - Filling up the DagBag from /home/airflow/.local/lib/python3.8/site-packages/airflow/example_dags/example_nested_branch_dag.py
[2024-09-10T16:30:15.912+0000] {processor.py:839} INFO - DAG(s) dict_keys(['example_nested_branch_dag']) retrieved from /home/airflow/.local/lib/python3.8/site-packages/airflow/example_dags/example_nested_branch_dag.py
[2024-09-10T16:30:15.979+0000] {logging_mixin.py:151} INFO - [2024-09-10T16:30:15.978+0000] {dag.py:2907} INFO - Sync 1 DAGs
[2024-09-10T16:30:16.072+0000] {logging_mixin.py:151} INFO - [2024-09-10T16:30:16.071+0000] {dag.py:3677} INFO - Setting next_dagrun for example_nested_branch_dag to 2024-09-09T00:00:00+00:00, run_after=2024-09-10T00:00:00+00:00
[2024-09-10T16:30:16.134+0000] {processor.py:179} INFO - Processing /home/airflow/.local/lib/python3.8/site-packages/airflow/example_dags/example_nested_branch_dag.py took 0.277 seconds
[2024-09-10T16:30:46.690+0000] {processor.py:157} INFO - Started process (PID=208) to work on /home/airflow/.local/lib/python3.8/site-packages/airflow/example_dags/example_nested_branch_dag.py
[2024-09-10T16:30:46.692+0000] {processor.py:829} INFO - Processing file /home/airflow/.local/lib/python3.8/site-packages/airflow/example_dags/example_nested_branch_dag.py for tasks to queue
[2024-09-10T16:30:46.695+0000] {logging_mixin.py:151} INFO - [2024-09-10T16:30:46.694+0000] {dagbag.py:539} INFO - Filling up the DagBag from /home/airflow/.local/lib/python3.8/site-packages/airflow/example_dags/example_nested_branch_dag.py
[2024-09-10T16:30:46.709+0000] {processor.py:839} INFO - DAG(s) dict_keys(['example_nested_branch_dag']) retrieved from /home/airflow/.local/lib/python3.8/site-packages/airflow/example_dags/example_nested_branch_dag.py
[2024-09-10T16:30:46.742+0000] {logging_mixin.py:151} INFO - [2024-09-10T16:30:46.742+0000] {dag.py:2907} INFO - Sync 1 DAGs
[2024-09-10T16:30:46.941+0000] {logging_mixin.py:151} INFO - [2024-09-10T16:30:46.941+0000] {dag.py:3677} INFO - Setting next_dagrun for example_nested_branch_dag to 2024-09-09T00:00:00+00:00, run_after=2024-09-10T00:00:00+00:00
[2024-09-10T16:30:46.975+0000] {processor.py:179} INFO - Processing /home/airflow/.local/lib/python3.8/site-packages/airflow/example_dags/example_nested_branch_dag.py took 0.289 seconds
[2024-09-10T16:31:17.266+0000] {processor.py:157} INFO - Started process (PID=260) to work on /home/airflow/.local/lib/python3.8/site-packages/airflow/example_dags/example_nested_branch_dag.py
[2024-09-10T16:31:17.267+0000] {processor.py:829} INFO - Processing file /home/airflow/.local/lib/python3.8/site-packages/airflow/example_dags/example_nested_branch_dag.py for tasks to queue
[2024-09-10T16:31:17.270+0000] {logging_mixin.py:151} INFO - [2024-09-10T16:31:17.269+0000] {dagbag.py:539} INFO - Filling up the DagBag from /home/airflow/.local/lib/python3.8/site-packages/airflow/example_dags/example_nested_branch_dag.py
[2024-09-10T16:31:17.284+0000] {processor.py:839} INFO - DAG(s) dict_keys(['example_nested_branch_dag']) retrieved from /home/airflow/.local/lib/python3.8/site-packages/airflow/example_dags/example_nested_branch_dag.py
[2024-09-10T16:31:17.314+0000] {logging_mixin.py:151} INFO - [2024-09-10T16:31:17.314+0000] {dag.py:2907} INFO - Sync 1 DAGs
[2024-09-10T16:31:17.341+0000] {logging_mixin.py:151} INFO - [2024-09-10T16:31:17.341+0000] {dag.py:3677} INFO - Setting next_dagrun for example_nested_branch_dag to 2024-09-09T00:00:00+00:00, run_after=2024-09-10T00:00:00+00:00
[2024-09-10T16:31:17.475+0000] {processor.py:179} INFO - Processing /home/airflow/.local/lib/python3.8/site-packages/airflow/example_dags/example_nested_branch_dag.py took 0.212 seconds
