[2024-09-10T16:29:27.213+0000] {processor.py:157} INFO - Started process (PID=77) to work on /home/airflow/.local/lib/python3.8/site-packages/airflow/example_dags/example_branch_operator_decorator.py
[2024-09-10T16:29:27.280+0000] {processor.py:829} INFO - Processing file /home/airflow/.local/lib/python3.8/site-packages/airflow/example_dags/example_branch_operator_decorator.py for tasks to queue
[2024-09-10T16:29:27.411+0000] {logging_mixin.py:151} INFO - [2024-09-10T16:29:27.406+0000] {dagbag.py:539} INFO - Filling up the DagBag from /home/airflow/.local/lib/python3.8/site-packages/airflow/example_dags/example_branch_operator_decorator.py
[2024-09-10T16:29:27.646+0000] {processor.py:839} INFO - DAG(s) dict_keys(['example_branch_python_operator_decorator']) retrieved from /home/airflow/.local/lib/python3.8/site-packages/airflow/example_dags/example_branch_operator_decorator.py
[2024-09-10T16:29:28.168+0000] {logging_mixin.py:151} INFO - [2024-09-10T16:29:28.168+0000] {dag.py:2907} INFO - Sync 1 DAGs
[2024-09-10T16:29:28.498+0000] {logging_mixin.py:151} INFO - [2024-09-10T16:29:28.497+0000] {dag.py:3677} INFO - Setting next_dagrun for example_branch_python_operator_decorator to 2024-09-09T00:00:00+00:00, run_after=2024-09-10T00:00:00+00:00
[2024-09-10T16:29:28.698+0000] {processor.py:179} INFO - Processing /home/airflow/.local/lib/python3.8/site-packages/airflow/example_dags/example_branch_operator_decorator.py took 1.527 seconds
[2024-09-10T16:29:59.605+0000] {processor.py:157} INFO - Started process (PID=131) to work on /home/airflow/.local/lib/python3.8/site-packages/airflow/example_dags/example_branch_operator_decorator.py
[2024-09-10T16:29:59.612+0000] {processor.py:829} INFO - Processing file /home/airflow/.local/lib/python3.8/site-packages/airflow/example_dags/example_branch_operator_decorator.py for tasks to queue
[2024-09-10T16:29:59.636+0000] {logging_mixin.py:151} INFO - [2024-09-10T16:29:59.633+0000] {dagbag.py:539} INFO - Filling up the DagBag from /home/airflow/.local/lib/python3.8/site-packages/airflow/example_dags/example_branch_operator_decorator.py
[2024-09-10T16:29:59.736+0000] {processor.py:839} INFO - DAG(s) dict_keys(['example_branch_python_operator_decorator']) retrieved from /home/airflow/.local/lib/python3.8/site-packages/airflow/example_dags/example_branch_operator_decorator.py
[2024-09-10T16:29:59.814+0000] {logging_mixin.py:151} INFO - [2024-09-10T16:29:59.814+0000] {dag.py:2907} INFO - Sync 1 DAGs
[2024-09-10T16:29:59.914+0000] {logging_mixin.py:151} INFO - [2024-09-10T16:29:59.913+0000] {dag.py:3677} INFO - Setting next_dagrun for example_branch_python_operator_decorator to 2024-09-09T00:00:00+00:00, run_after=2024-09-10T00:00:00+00:00
[2024-09-10T16:29:59.969+0000] {processor.py:179} INFO - Processing /home/airflow/.local/lib/python3.8/site-packages/airflow/example_dags/example_branch_operator_decorator.py took 0.407 seconds
[2024-09-10T16:30:30.853+0000] {processor.py:157} INFO - Started process (PID=187) to work on /home/airflow/.local/lib/python3.8/site-packages/airflow/example_dags/example_branch_operator_decorator.py
[2024-09-10T16:30:30.861+0000] {processor.py:829} INFO - Processing file /home/airflow/.local/lib/python3.8/site-packages/airflow/example_dags/example_branch_operator_decorator.py for tasks to queue
[2024-09-10T16:30:30.864+0000] {logging_mixin.py:151} INFO - [2024-09-10T16:30:30.864+0000] {dagbag.py:539} INFO - Filling up the DagBag from /home/airflow/.local/lib/python3.8/site-packages/airflow/example_dags/example_branch_operator_decorator.py
[2024-09-10T16:30:30.887+0000] {processor.py:839} INFO - DAG(s) dict_keys(['example_branch_python_operator_decorator']) retrieved from /home/airflow/.local/lib/python3.8/site-packages/airflow/example_dags/example_branch_operator_decorator.py
[2024-09-10T16:30:30.934+0000] {logging_mixin.py:151} INFO - [2024-09-10T16:30:30.934+0000] {dag.py:2907} INFO - Sync 1 DAGs
[2024-09-10T16:30:30.983+0000] {logging_mixin.py:151} INFO - [2024-09-10T16:30:30.983+0000] {dag.py:3677} INFO - Setting next_dagrun for example_branch_python_operator_decorator to 2024-09-09T00:00:00+00:00, run_after=2024-09-10T00:00:00+00:00
[2024-09-10T16:30:31.028+0000] {processor.py:179} INFO - Processing /home/airflow/.local/lib/python3.8/site-packages/airflow/example_dags/example_branch_operator_decorator.py took 0.181 seconds
[2024-09-10T16:31:01.790+0000] {processor.py:157} INFO - Started process (PID=242) to work on /home/airflow/.local/lib/python3.8/site-packages/airflow/example_dags/example_branch_operator_decorator.py
[2024-09-10T16:31:01.791+0000] {processor.py:829} INFO - Processing file /home/airflow/.local/lib/python3.8/site-packages/airflow/example_dags/example_branch_operator_decorator.py for tasks to queue
[2024-09-10T16:31:01.793+0000] {logging_mixin.py:151} INFO - [2024-09-10T16:31:01.793+0000] {dagbag.py:539} INFO - Filling up the DagBag from /home/airflow/.local/lib/python3.8/site-packages/airflow/example_dags/example_branch_operator_decorator.py
[2024-09-10T16:31:01.805+0000] {processor.py:839} INFO - DAG(s) dict_keys(['example_branch_python_operator_decorator']) retrieved from /home/airflow/.local/lib/python3.8/site-packages/airflow/example_dags/example_branch_operator_decorator.py
[2024-09-10T16:31:01.830+0000] {logging_mixin.py:151} INFO - [2024-09-10T16:31:01.830+0000] {dag.py:2907} INFO - Sync 1 DAGs
[2024-09-10T16:31:01.866+0000] {logging_mixin.py:151} INFO - [2024-09-10T16:31:01.865+0000] {dag.py:3677} INFO - Setting next_dagrun for example_branch_python_operator_decorator to 2024-09-09T00:00:00+00:00, run_after=2024-09-10T00:00:00+00:00
[2024-09-10T16:31:01.893+0000] {processor.py:179} INFO - Processing /home/airflow/.local/lib/python3.8/site-packages/airflow/example_dags/example_branch_operator_decorator.py took 0.107 seconds
