[2024-09-10T16:29:24.798+0000] {processor.py:157} INFO - Started process (PID=72) to work on /home/airflow/.local/lib/python3.8/site-packages/airflow/example_dags/example_sensor_decorator.py
[2024-09-10T16:29:24.807+0000] {processor.py:829} INFO - Processing file /home/airflow/.local/lib/python3.8/site-packages/airflow/example_dags/example_sensor_decorator.py for tasks to queue
[2024-09-10T16:29:24.892+0000] {logging_mixin.py:151} INFO - [2024-09-10T16:29:24.882+0000] {dagbag.py:539} INFO - Filling up the DagBag from /home/airflow/.local/lib/python3.8/site-packages/airflow/example_dags/example_sensor_decorator.py
[2024-09-10T16:29:25.000+0000] {processor.py:839} INFO - DAG(s) dict_keys(['example_sensor_decorator']) retrieved from /home/airflow/.local/lib/python3.8/site-packages/airflow/example_dags/example_sensor_decorator.py
[2024-09-10T16:29:25.153+0000] {logging_mixin.py:151} INFO - [2024-09-10T16:29:25.152+0000] {dag.py:2907} INFO - Sync 1 DAGs
[2024-09-10T16:29:25.240+0000] {logging_mixin.py:151} INFO - [2024-09-10T16:29:25.240+0000] {dag.py:3677} INFO - Setting next_dagrun for example_sensor_decorator to None, run_after=None
[2024-09-10T16:29:25.317+0000] {processor.py:179} INFO - Processing /home/airflow/.local/lib/python3.8/site-packages/airflow/example_dags/example_sensor_decorator.py took 0.532 seconds
[2024-09-10T16:29:55.803+0000] {processor.py:157} INFO - Started process (PID=126) to work on /home/airflow/.local/lib/python3.8/site-packages/airflow/example_dags/example_sensor_decorator.py
[2024-09-10T16:29:55.805+0000] {processor.py:829} INFO - Processing file /home/airflow/.local/lib/python3.8/site-packages/airflow/example_dags/example_sensor_decorator.py for tasks to queue
[2024-09-10T16:29:55.809+0000] {logging_mixin.py:151} INFO - [2024-09-10T16:29:55.809+0000] {dagbag.py:539} INFO - Filling up the DagBag from /home/airflow/.local/lib/python3.8/site-packages/airflow/example_dags/example_sensor_decorator.py
[2024-09-10T16:29:55.817+0000] {processor.py:839} INFO - DAG(s) dict_keys(['example_sensor_decorator']) retrieved from /home/airflow/.local/lib/python3.8/site-packages/airflow/example_dags/example_sensor_decorator.py
[2024-09-10T16:29:55.849+0000] {logging_mixin.py:151} INFO - [2024-09-10T16:29:55.849+0000] {dag.py:2907} INFO - Sync 1 DAGs
[2024-09-10T16:29:55.872+0000] {logging_mixin.py:151} INFO - [2024-09-10T16:29:55.872+0000] {dag.py:3677} INFO - Setting next_dagrun for example_sensor_decorator to None, run_after=None
[2024-09-10T16:29:55.909+0000] {processor.py:179} INFO - Processing /home/airflow/.local/lib/python3.8/site-packages/airflow/example_dags/example_sensor_decorator.py took 0.110 seconds
[2024-09-10T16:30:26.367+0000] {processor.py:157} INFO - Started process (PID=182) to work on /home/airflow/.local/lib/python3.8/site-packages/airflow/example_dags/example_sensor_decorator.py
[2024-09-10T16:30:26.369+0000] {processor.py:829} INFO - Processing file /home/airflow/.local/lib/python3.8/site-packages/airflow/example_dags/example_sensor_decorator.py for tasks to queue
[2024-09-10T16:30:26.372+0000] {logging_mixin.py:151} INFO - [2024-09-10T16:30:26.372+0000] {dagbag.py:539} INFO - Filling up the DagBag from /home/airflow/.local/lib/python3.8/site-packages/airflow/example_dags/example_sensor_decorator.py
[2024-09-10T16:30:26.379+0000] {processor.py:839} INFO - DAG(s) dict_keys(['example_sensor_decorator']) retrieved from /home/airflow/.local/lib/python3.8/site-packages/airflow/example_dags/example_sensor_decorator.py
[2024-09-10T16:30:26.406+0000] {logging_mixin.py:151} INFO - [2024-09-10T16:30:26.406+0000] {dag.py:2907} INFO - Sync 1 DAGs
[2024-09-10T16:30:26.423+0000] {logging_mixin.py:151} INFO - [2024-09-10T16:30:26.423+0000] {dag.py:3677} INFO - Setting next_dagrun for example_sensor_decorator to None, run_after=None
[2024-09-10T16:30:26.453+0000] {processor.py:179} INFO - Processing /home/airflow/.local/lib/python3.8/site-packages/airflow/example_dags/example_sensor_decorator.py took 0.089 seconds
[2024-09-10T16:30:57.359+0000] {processor.py:157} INFO - Started process (PID=237) to work on /home/airflow/.local/lib/python3.8/site-packages/airflow/example_dags/example_sensor_decorator.py
[2024-09-10T16:30:57.361+0000] {processor.py:829} INFO - Processing file /home/airflow/.local/lib/python3.8/site-packages/airflow/example_dags/example_sensor_decorator.py for tasks to queue
[2024-09-10T16:30:57.364+0000] {logging_mixin.py:151} INFO - [2024-09-10T16:30:57.364+0000] {dagbag.py:539} INFO - Filling up the DagBag from /home/airflow/.local/lib/python3.8/site-packages/airflow/example_dags/example_sensor_decorator.py
[2024-09-10T16:30:57.371+0000] {processor.py:839} INFO - DAG(s) dict_keys(['example_sensor_decorator']) retrieved from /home/airflow/.local/lib/python3.8/site-packages/airflow/example_dags/example_sensor_decorator.py
[2024-09-10T16:30:57.402+0000] {logging_mixin.py:151} INFO - [2024-09-10T16:30:57.401+0000] {dag.py:2907} INFO - Sync 1 DAGs
[2024-09-10T16:30:57.420+0000] {logging_mixin.py:151} INFO - [2024-09-10T16:30:57.419+0000] {dag.py:3677} INFO - Setting next_dagrun for example_sensor_decorator to None, run_after=None
[2024-09-10T16:30:57.443+0000] {processor.py:179} INFO - Processing /home/airflow/.local/lib/python3.8/site-packages/airflow/example_dags/example_sensor_decorator.py took 0.092 seconds
