[2024-09-10T16:29:25.503+0000] {processor.py:157} INFO - Started process (PID=74) to work on /home/airflow/.local/lib/python3.8/site-packages/airflow/example_dags/example_branch_datetime_operator.py
[2024-09-10T16:29:25.516+0000] {processor.py:829} INFO - Processing file /home/airflow/.local/lib/python3.8/site-packages/airflow/example_dags/example_branch_datetime_operator.py for tasks to queue
[2024-09-10T16:29:25.560+0000] {logging_mixin.py:151} INFO - [2024-09-10T16:29:25.558+0000] {dagbag.py:539} INFO - Filling up the DagBag from /home/airflow/.local/lib/python3.8/site-packages/airflow/example_dags/example_branch_datetime_operator.py
[2024-09-10T16:29:25.719+0000] {processor.py:839} INFO - DAG(s) dict_keys(['example_branch_datetime_operator', 'example_branch_datetime_operator_2', 'example_branch_datetime_operator_3']) retrieved from /home/airflow/.local/lib/python3.8/site-packages/airflow/example_dags/example_branch_datetime_operator.py
[2024-09-10T16:29:26.069+0000] {logging_mixin.py:151} INFO - [2024-09-10T16:29:26.067+0000] {dag.py:2907} INFO - Sync 3 DAGs
[2024-09-10T16:29:26.335+0000] {logging_mixin.py:151} INFO - [2024-09-10T16:29:26.335+0000] {dag.py:3677} INFO - Setting next_dagrun for example_branch_datetime_operator to 2024-09-09T00:00:00+00:00, run_after=2024-09-10T00:00:00+00:00
[2024-09-10T16:29:26.373+0000] {logging_mixin.py:151} INFO - [2024-09-10T16:29:26.372+0000] {dag.py:3677} INFO - Setting next_dagrun for example_branch_datetime_operator_2 to 2024-09-09T00:00:00+00:00, run_after=2024-09-10T00:00:00+00:00
[2024-09-10T16:29:26.394+0000] {logging_mixin.py:151} INFO - [2024-09-10T16:29:26.394+0000] {dag.py:3677} INFO - Setting next_dagrun for example_branch_datetime_operator_3 to 2024-09-09T00:00:00+00:00, run_after=2024-09-10T00:00:00+00:00
[2024-09-10T16:29:26.613+0000] {processor.py:179} INFO - Processing /home/airflow/.local/lib/python3.8/site-packages/airflow/example_dags/example_branch_datetime_operator.py took 1.148 seconds
[2024-09-10T16:29:56.958+0000] {processor.py:157} INFO - Started process (PID=128) to work on /home/airflow/.local/lib/python3.8/site-packages/airflow/example_dags/example_branch_datetime_operator.py
[2024-09-10T16:29:56.960+0000] {processor.py:829} INFO - Processing file /home/airflow/.local/lib/python3.8/site-packages/airflow/example_dags/example_branch_datetime_operator.py for tasks to queue
[2024-09-10T16:29:56.963+0000] {logging_mixin.py:151} INFO - [2024-09-10T16:29:56.963+0000] {dagbag.py:539} INFO - Filling up the DagBag from /home/airflow/.local/lib/python3.8/site-packages/airflow/example_dags/example_branch_datetime_operator.py
[2024-09-10T16:29:56.977+0000] {processor.py:839} INFO - DAG(s) dict_keys(['example_branch_datetime_operator_3', 'example_branch_datetime_operator_2', 'example_branch_datetime_operator']) retrieved from /home/airflow/.local/lib/python3.8/site-packages/airflow/example_dags/example_branch_datetime_operator.py
[2024-09-10T16:29:57.017+0000] {logging_mixin.py:151} INFO - [2024-09-10T16:29:57.016+0000] {dag.py:2907} INFO - Sync 3 DAGs
[2024-09-10T16:29:57.060+0000] {logging_mixin.py:151} INFO - [2024-09-10T16:29:57.059+0000] {dag.py:3677} INFO - Setting next_dagrun for example_branch_datetime_operator to 2024-09-09T00:00:00+00:00, run_after=2024-09-10T00:00:00+00:00
[2024-09-10T16:29:57.070+0000] {logging_mixin.py:151} INFO - [2024-09-10T16:29:57.070+0000] {dag.py:3677} INFO - Setting next_dagrun for example_branch_datetime_operator_2 to 2024-09-09T00:00:00+00:00, run_after=2024-09-10T00:00:00+00:00
[2024-09-10T16:29:57.076+0000] {logging_mixin.py:151} INFO - [2024-09-10T16:29:57.076+0000] {dag.py:3677} INFO - Setting next_dagrun for example_branch_datetime_operator_3 to 2024-09-09T00:00:00+00:00, run_after=2024-09-10T00:00:00+00:00
[2024-09-10T16:29:57.104+0000] {processor.py:179} INFO - Processing /home/airflow/.local/lib/python3.8/site-packages/airflow/example_dags/example_branch_datetime_operator.py took 0.149 seconds
[2024-09-10T16:30:27.499+0000] {processor.py:157} INFO - Started process (PID=184) to work on /home/airflow/.local/lib/python3.8/site-packages/airflow/example_dags/example_branch_datetime_operator.py
[2024-09-10T16:30:27.501+0000] {processor.py:829} INFO - Processing file /home/airflow/.local/lib/python3.8/site-packages/airflow/example_dags/example_branch_datetime_operator.py for tasks to queue
[2024-09-10T16:30:27.504+0000] {logging_mixin.py:151} INFO - [2024-09-10T16:30:27.503+0000] {dagbag.py:539} INFO - Filling up the DagBag from /home/airflow/.local/lib/python3.8/site-packages/airflow/example_dags/example_branch_datetime_operator.py
[2024-09-10T16:30:27.517+0000] {processor.py:839} INFO - DAG(s) dict_keys(['example_branch_datetime_operator_2', 'example_branch_datetime_operator_3', 'example_branch_datetime_operator']) retrieved from /home/airflow/.local/lib/python3.8/site-packages/airflow/example_dags/example_branch_datetime_operator.py
[2024-09-10T16:30:27.559+0000] {logging_mixin.py:151} INFO - [2024-09-10T16:30:27.559+0000] {dag.py:2907} INFO - Sync 3 DAGs
[2024-09-10T16:30:27.594+0000] {logging_mixin.py:151} INFO - [2024-09-10T16:30:27.594+0000] {dag.py:3677} INFO - Setting next_dagrun for example_branch_datetime_operator to 2024-09-09T00:00:00+00:00, run_after=2024-09-10T00:00:00+00:00
[2024-09-10T16:30:27.606+0000] {logging_mixin.py:151} INFO - [2024-09-10T16:30:27.604+0000] {dag.py:3677} INFO - Setting next_dagrun for example_branch_datetime_operator_2 to 2024-09-09T00:00:00+00:00, run_after=2024-09-10T00:00:00+00:00
[2024-09-10T16:30:27.619+0000] {logging_mixin.py:151} INFO - [2024-09-10T16:30:27.618+0000] {dag.py:3677} INFO - Setting next_dagrun for example_branch_datetime_operator_3 to 2024-09-09T00:00:00+00:00, run_after=2024-09-10T00:00:00+00:00
[2024-09-10T16:30:27.660+0000] {processor.py:179} INFO - Processing /home/airflow/.local/lib/python3.8/site-packages/airflow/example_dags/example_branch_datetime_operator.py took 0.166 seconds
[2024-09-10T16:30:58.488+0000] {processor.py:157} INFO - Started process (PID=239) to work on /home/airflow/.local/lib/python3.8/site-packages/airflow/example_dags/example_branch_datetime_operator.py
[2024-09-10T16:30:58.489+0000] {processor.py:829} INFO - Processing file /home/airflow/.local/lib/python3.8/site-packages/airflow/example_dags/example_branch_datetime_operator.py for tasks to queue
[2024-09-10T16:30:58.493+0000] {logging_mixin.py:151} INFO - [2024-09-10T16:30:58.492+0000] {dagbag.py:539} INFO - Filling up the DagBag from /home/airflow/.local/lib/python3.8/site-packages/airflow/example_dags/example_branch_datetime_operator.py
[2024-09-10T16:30:58.509+0000] {processor.py:839} INFO - DAG(s) dict_keys(['example_branch_datetime_operator_3', 'example_branch_datetime_operator', 'example_branch_datetime_operator_2']) retrieved from /home/airflow/.local/lib/python3.8/site-packages/airflow/example_dags/example_branch_datetime_operator.py
[2024-09-10T16:30:58.549+0000] {logging_mixin.py:151} INFO - [2024-09-10T16:30:58.549+0000] {dag.py:2907} INFO - Sync 3 DAGs
[2024-09-10T16:30:58.584+0000] {logging_mixin.py:151} INFO - [2024-09-10T16:30:58.584+0000] {dag.py:3677} INFO - Setting next_dagrun for example_branch_datetime_operator to 2024-09-09T00:00:00+00:00, run_after=2024-09-10T00:00:00+00:00
[2024-09-10T16:30:58.592+0000] {logging_mixin.py:151} INFO - [2024-09-10T16:30:58.592+0000] {dag.py:3677} INFO - Setting next_dagrun for example_branch_datetime_operator_2 to 2024-09-09T00:00:00+00:00, run_after=2024-09-10T00:00:00+00:00
[2024-09-10T16:30:58.597+0000] {logging_mixin.py:151} INFO - [2024-09-10T16:30:58.597+0000] {dag.py:3677} INFO - Setting next_dagrun for example_branch_datetime_operator_3 to 2024-09-09T00:00:00+00:00, run_after=2024-09-10T00:00:00+00:00
[2024-09-10T16:30:58.629+0000] {processor.py:179} INFO - Processing /home/airflow/.local/lib/python3.8/site-packages/airflow/example_dags/example_branch_datetime_operator.py took 0.146 seconds
