[2024-09-10T16:29:18.205+0000] {processor.py:157} INFO - Started process (PID=54) to work on /home/airflow/.local/lib/python3.8/site-packages/airflow/example_dags/example_branch_day_of_week_operator.py
[2024-09-10T16:29:18.210+0000] {processor.py:829} INFO - Processing file /home/airflow/.local/lib/python3.8/site-packages/airflow/example_dags/example_branch_day_of_week_operator.py for tasks to queue
[2024-09-10T16:29:18.233+0000] {logging_mixin.py:151} INFO - [2024-09-10T16:29:18.232+0000] {dagbag.py:539} INFO - Filling up the DagBag from /home/airflow/.local/lib/python3.8/site-packages/airflow/example_dags/example_branch_day_of_week_operator.py
[2024-09-10T16:29:18.280+0000] {processor.py:839} INFO - DAG(s) dict_keys(['example_weekday_branch_operator']) retrieved from /home/airflow/.local/lib/python3.8/site-packages/airflow/example_dags/example_branch_day_of_week_operator.py
[2024-09-10T16:29:18.422+0000] {logging_mixin.py:151} INFO - [2024-09-10T16:29:18.422+0000] {dag.py:2907} INFO - Sync 1 DAGs
[2024-09-10T16:29:18.529+0000] {logging_mixin.py:151} INFO - [2024-09-10T16:29:18.528+0000] {dag.py:3677} INFO - Setting next_dagrun for example_weekday_branch_operator to 2024-09-09T00:00:00+00:00, run_after=2024-09-10T00:00:00+00:00
[2024-09-10T16:29:18.591+0000] {processor.py:179} INFO - Processing /home/airflow/.local/lib/python3.8/site-packages/airflow/example_dags/example_branch_day_of_week_operator.py took 0.411 seconds
[2024-09-10T16:29:49.507+0000] {processor.py:157} INFO - Started process (PID=108) to work on /home/airflow/.local/lib/python3.8/site-packages/airflow/example_dags/example_branch_day_of_week_operator.py
[2024-09-10T16:29:49.509+0000] {processor.py:829} INFO - Processing file /home/airflow/.local/lib/python3.8/site-packages/airflow/example_dags/example_branch_day_of_week_operator.py for tasks to queue
[2024-09-10T16:29:49.513+0000] {logging_mixin.py:151} INFO - [2024-09-10T16:29:49.512+0000] {dagbag.py:539} INFO - Filling up the DagBag from /home/airflow/.local/lib/python3.8/site-packages/airflow/example_dags/example_branch_day_of_week_operator.py
[2024-09-10T16:29:49.527+0000] {processor.py:839} INFO - DAG(s) dict_keys(['example_weekday_branch_operator']) retrieved from /home/airflow/.local/lib/python3.8/site-packages/airflow/example_dags/example_branch_day_of_week_operator.py
[2024-09-10T16:29:49.567+0000] {logging_mixin.py:151} INFO - [2024-09-10T16:29:49.567+0000] {dag.py:2907} INFO - Sync 1 DAGs
[2024-09-10T16:29:49.620+0000] {logging_mixin.py:151} INFO - [2024-09-10T16:29:49.620+0000] {dag.py:3677} INFO - Setting next_dagrun for example_weekday_branch_operator to 2024-09-09T00:00:00+00:00, run_after=2024-09-10T00:00:00+00:00
[2024-09-10T16:29:49.659+0000] {processor.py:179} INFO - Processing /home/airflow/.local/lib/python3.8/site-packages/airflow/example_dags/example_branch_day_of_week_operator.py took 0.158 seconds
[2024-09-10T16:30:20.538+0000] {processor.py:157} INFO - Started process (PID=164) to work on /home/airflow/.local/lib/python3.8/site-packages/airflow/example_dags/example_branch_day_of_week_operator.py
[2024-09-10T16:30:20.549+0000] {processor.py:829} INFO - Processing file /home/airflow/.local/lib/python3.8/site-packages/airflow/example_dags/example_branch_day_of_week_operator.py for tasks to queue
[2024-09-10T16:30:20.565+0000] {logging_mixin.py:151} INFO - [2024-09-10T16:30:20.564+0000] {dagbag.py:539} INFO - Filling up the DagBag from /home/airflow/.local/lib/python3.8/site-packages/airflow/example_dags/example_branch_day_of_week_operator.py
[2024-09-10T16:30:20.617+0000] {processor.py:839} INFO - DAG(s) dict_keys(['example_weekday_branch_operator']) retrieved from /home/airflow/.local/lib/python3.8/site-packages/airflow/example_dags/example_branch_day_of_week_operator.py
[2024-09-10T16:30:20.724+0000] {logging_mixin.py:151} INFO - [2024-09-10T16:30:20.724+0000] {dag.py:2907} INFO - Sync 1 DAGs
[2024-09-10T16:30:20.840+0000] {logging_mixin.py:151} INFO - [2024-09-10T16:30:20.840+0000] {dag.py:3677} INFO - Setting next_dagrun for example_weekday_branch_operator to 2024-09-09T00:00:00+00:00, run_after=2024-09-10T00:00:00+00:00
[2024-09-10T16:30:20.915+0000] {processor.py:179} INFO - Processing /home/airflow/.local/lib/python3.8/site-packages/airflow/example_dags/example_branch_day_of_week_operator.py took 0.384 seconds
[2024-09-10T16:30:51.294+0000] {processor.py:157} INFO - Started process (PID=219) to work on /home/airflow/.local/lib/python3.8/site-packages/airflow/example_dags/example_branch_day_of_week_operator.py
[2024-09-10T16:30:51.297+0000] {processor.py:829} INFO - Processing file /home/airflow/.local/lib/python3.8/site-packages/airflow/example_dags/example_branch_day_of_week_operator.py for tasks to queue
[2024-09-10T16:30:51.302+0000] {logging_mixin.py:151} INFO - [2024-09-10T16:30:51.301+0000] {dagbag.py:539} INFO - Filling up the DagBag from /home/airflow/.local/lib/python3.8/site-packages/airflow/example_dags/example_branch_day_of_week_operator.py
[2024-09-10T16:30:51.318+0000] {processor.py:839} INFO - DAG(s) dict_keys(['example_weekday_branch_operator']) retrieved from /home/airflow/.local/lib/python3.8/site-packages/airflow/example_dags/example_branch_day_of_week_operator.py
[2024-09-10T16:30:51.574+0000] {logging_mixin.py:151} INFO - [2024-09-10T16:30:51.573+0000] {dag.py:2907} INFO - Sync 1 DAGs
[2024-09-10T16:30:51.614+0000] {logging_mixin.py:151} INFO - [2024-09-10T16:30:51.614+0000] {dag.py:3677} INFO - Setting next_dagrun for example_weekday_branch_operator to 2024-09-09T00:00:00+00:00, run_after=2024-09-10T00:00:00+00:00
[2024-09-10T16:30:51.640+0000] {processor.py:179} INFO - Processing /home/airflow/.local/lib/python3.8/site-packages/airflow/example_dags/example_branch_day_of_week_operator.py took 0.354 seconds
