[2024-09-10T16:29:20.509+0000] {processor.py:157} INFO - Started process (PID=63) to work on /home/airflow/.local/lib/python3.8/site-packages/airflow/example_dags/example_dag_decorator.py
[2024-09-10T16:29:20.520+0000] {processor.py:829} INFO - Processing file /home/airflow/.local/lib/python3.8/site-packages/airflow/example_dags/example_dag_decorator.py for tasks to queue
[2024-09-10T16:29:20.525+0000] {logging_mixin.py:151} INFO - [2024-09-10T16:29:20.525+0000] {dagbag.py:539} INFO - Filling up the DagBag from /home/airflow/.local/lib/python3.8/site-packages/airflow/example_dags/example_dag_decorator.py
[2024-09-10T16:29:21.152+0000] {processor.py:839} INFO - DAG(s) dict_keys(['example_dag_decorator']) retrieved from /home/airflow/.local/lib/python3.8/site-packages/airflow/example_dags/example_dag_decorator.py
[2024-09-10T16:29:21.809+0000] {logging_mixin.py:151} INFO - [2024-09-10T16:29:21.808+0000] {dag.py:2907} INFO - Sync 1 DAGs
[2024-09-10T16:29:22.521+0000] {logging_mixin.py:151} INFO - [2024-09-10T16:29:22.521+0000] {dag.py:3677} INFO - Setting next_dagrun for example_dag_decorator to None, run_after=None
[2024-09-10T16:29:22.647+0000] {processor.py:179} INFO - Processing /home/airflow/.local/lib/python3.8/site-packages/airflow/example_dags/example_dag_decorator.py took 2.169 seconds
[2024-09-10T16:29:52.825+0000] {processor.py:157} INFO - Started process (PID=118) to work on /home/airflow/.local/lib/python3.8/site-packages/airflow/example_dags/example_dag_decorator.py
[2024-09-10T16:29:52.827+0000] {processor.py:829} INFO - Processing file /home/airflow/.local/lib/python3.8/site-packages/airflow/example_dags/example_dag_decorator.py for tasks to queue
[2024-09-10T16:29:52.830+0000] {logging_mixin.py:151} INFO - [2024-09-10T16:29:52.830+0000] {dagbag.py:539} INFO - Filling up the DagBag from /home/airflow/.local/lib/python3.8/site-packages/airflow/example_dags/example_dag_decorator.py
[2024-09-10T16:29:52.990+0000] {processor.py:839} INFO - DAG(s) dict_keys(['example_dag_decorator']) retrieved from /home/airflow/.local/lib/python3.8/site-packages/airflow/example_dags/example_dag_decorator.py
[2024-09-10T16:29:53.421+0000] {logging_mixin.py:151} INFO - [2024-09-10T16:29:53.421+0000] {dag.py:2907} INFO - Sync 1 DAGs
[2024-09-10T16:29:53.436+0000] {logging_mixin.py:151} INFO - [2024-09-10T16:29:53.435+0000] {dag.py:3677} INFO - Setting next_dagrun for example_dag_decorator to None, run_after=None
[2024-09-10T16:29:53.464+0000] {processor.py:179} INFO - Processing /home/airflow/.local/lib/python3.8/site-packages/airflow/example_dags/example_dag_decorator.py took 0.645 seconds
[2024-09-10T16:30:23.763+0000] {processor.py:157} INFO - Started process (PID=174) to work on /home/airflow/.local/lib/python3.8/site-packages/airflow/example_dags/example_dag_decorator.py
[2024-09-10T16:30:23.765+0000] {processor.py:829} INFO - Processing file /home/airflow/.local/lib/python3.8/site-packages/airflow/example_dags/example_dag_decorator.py for tasks to queue
[2024-09-10T16:30:23.769+0000] {logging_mixin.py:151} INFO - [2024-09-10T16:30:23.768+0000] {dagbag.py:539} INFO - Filling up the DagBag from /home/airflow/.local/lib/python3.8/site-packages/airflow/example_dags/example_dag_decorator.py
[2024-09-10T16:30:24.016+0000] {processor.py:839} INFO - DAG(s) dict_keys(['example_dag_decorator']) retrieved from /home/airflow/.local/lib/python3.8/site-packages/airflow/example_dags/example_dag_decorator.py
[2024-09-10T16:30:24.172+0000] {logging_mixin.py:151} INFO - [2024-09-10T16:30:24.171+0000] {dag.py:2907} INFO - Sync 1 DAGs
[2024-09-10T16:30:24.187+0000] {logging_mixin.py:151} INFO - [2024-09-10T16:30:24.186+0000] {dag.py:3677} INFO - Setting next_dagrun for example_dag_decorator to None, run_after=None
[2024-09-10T16:30:24.209+0000] {processor.py:179} INFO - Processing /home/airflow/.local/lib/python3.8/site-packages/airflow/example_dags/example_dag_decorator.py took 0.451 seconds
[2024-09-10T16:30:54.756+0000] {processor.py:157} INFO - Started process (PID=229) to work on /home/airflow/.local/lib/python3.8/site-packages/airflow/example_dags/example_dag_decorator.py
[2024-09-10T16:30:54.758+0000] {processor.py:829} INFO - Processing file /home/airflow/.local/lib/python3.8/site-packages/airflow/example_dags/example_dag_decorator.py for tasks to queue
[2024-09-10T16:30:54.761+0000] {logging_mixin.py:151} INFO - [2024-09-10T16:30:54.761+0000] {dagbag.py:539} INFO - Filling up the DagBag from /home/airflow/.local/lib/python3.8/site-packages/airflow/example_dags/example_dag_decorator.py
[2024-09-10T16:30:54.891+0000] {processor.py:839} INFO - DAG(s) dict_keys(['example_dag_decorator']) retrieved from /home/airflow/.local/lib/python3.8/site-packages/airflow/example_dags/example_dag_decorator.py
[2024-09-10T16:30:55.270+0000] {logging_mixin.py:151} INFO - [2024-09-10T16:30:55.270+0000] {dag.py:2907} INFO - Sync 1 DAGs
[2024-09-10T16:30:55.282+0000] {logging_mixin.py:151} INFO - [2024-09-10T16:30:55.281+0000] {dag.py:3677} INFO - Setting next_dagrun for example_dag_decorator to None, run_after=None
[2024-09-10T16:30:55.304+0000] {processor.py:179} INFO - Processing /home/airflow/.local/lib/python3.8/site-packages/airflow/example_dags/example_dag_decorator.py took 0.552 seconds
