[2024-09-10T16:29:21.293+0000] {processor.py:157} INFO - Started process (PID=65) to work on /home/airflow/.local/lib/python3.8/site-packages/airflow/example_dags/example_short_circuit_decorator.py
[2024-09-10T16:29:21.321+0000] {processor.py:829} INFO - Processing file /home/airflow/.local/lib/python3.8/site-packages/airflow/example_dags/example_short_circuit_decorator.py for tasks to queue
[2024-09-10T16:29:21.332+0000] {logging_mixin.py:151} INFO - [2024-09-10T16:29:21.331+0000] {dagbag.py:539} INFO - Filling up the DagBag from /home/airflow/.local/lib/python3.8/site-packages/airflow/example_dags/example_short_circuit_decorator.py
[2024-09-10T16:29:21.452+0000] {processor.py:839} INFO - DAG(s) dict_keys(['example_short_circuit_decorator']) retrieved from /home/airflow/.local/lib/python3.8/site-packages/airflow/example_dags/example_short_circuit_decorator.py
[2024-09-10T16:29:21.592+0000] {logging_mixin.py:151} INFO - [2024-09-10T16:29:21.590+0000] {dag.py:2907} INFO - Sync 1 DAGs
[2024-09-10T16:29:21.844+0000] {logging_mixin.py:151} INFO - [2024-09-10T16:29:21.843+0000] {dag.py:3677} INFO - Setting next_dagrun for example_short_circuit_decorator to 2024-09-09T16:29:21.836243+00:00, run_after=2024-09-10T16:29:21.836243+00:00
[2024-09-10T16:29:21.964+0000] {processor.py:179} INFO - Processing /home/airflow/.local/lib/python3.8/site-packages/airflow/example_dags/example_short_circuit_decorator.py took 0.689 seconds
[2024-09-10T16:29:52.826+0000] {processor.py:157} INFO - Started process (PID=119) to work on /home/airflow/.local/lib/python3.8/site-packages/airflow/example_dags/example_short_circuit_decorator.py
[2024-09-10T16:29:52.828+0000] {processor.py:829} INFO - Processing file /home/airflow/.local/lib/python3.8/site-packages/airflow/example_dags/example_short_circuit_decorator.py for tasks to queue
[2024-09-10T16:29:52.831+0000] {logging_mixin.py:151} INFO - [2024-09-10T16:29:52.831+0000] {dagbag.py:539} INFO - Filling up the DagBag from /home/airflow/.local/lib/python3.8/site-packages/airflow/example_dags/example_short_circuit_decorator.py
[2024-09-10T16:29:52.845+0000] {processor.py:839} INFO - DAG(s) dict_keys(['example_short_circuit_decorator']) retrieved from /home/airflow/.local/lib/python3.8/site-packages/airflow/example_dags/example_short_circuit_decorator.py
[2024-09-10T16:29:52.904+0000] {logging_mixin.py:151} INFO - [2024-09-10T16:29:52.903+0000] {dag.py:2907} INFO - Sync 1 DAGs
[2024-09-10T16:29:52.956+0000] {logging_mixin.py:151} INFO - [2024-09-10T16:29:52.956+0000] {dag.py:3677} INFO - Setting next_dagrun for example_short_circuit_decorator to 2024-09-09T16:29:52.955003+00:00, run_after=2024-09-10T16:29:52.955003+00:00
[2024-09-10T16:29:52.999+0000] {processor.py:179} INFO - Processing /home/airflow/.local/lib/python3.8/site-packages/airflow/example_dags/example_short_circuit_decorator.py took 0.178 seconds
[2024-09-10T16:30:23.764+0000] {processor.py:157} INFO - Started process (PID=175) to work on /home/airflow/.local/lib/python3.8/site-packages/airflow/example_dags/example_short_circuit_decorator.py
[2024-09-10T16:30:23.765+0000] {processor.py:829} INFO - Processing file /home/airflow/.local/lib/python3.8/site-packages/airflow/example_dags/example_short_circuit_decorator.py for tasks to queue
[2024-09-10T16:30:23.768+0000] {logging_mixin.py:151} INFO - [2024-09-10T16:30:23.768+0000] {dagbag.py:539} INFO - Filling up the DagBag from /home/airflow/.local/lib/python3.8/site-packages/airflow/example_dags/example_short_circuit_decorator.py
[2024-09-10T16:30:23.783+0000] {processor.py:839} INFO - DAG(s) dict_keys(['example_short_circuit_decorator']) retrieved from /home/airflow/.local/lib/python3.8/site-packages/airflow/example_dags/example_short_circuit_decorator.py
[2024-09-10T16:30:23.819+0000] {logging_mixin.py:151} INFO - [2024-09-10T16:30:23.819+0000] {dag.py:2907} INFO - Sync 1 DAGs
[2024-09-10T16:30:23.853+0000] {logging_mixin.py:151} INFO - [2024-09-10T16:30:23.853+0000] {dag.py:3677} INFO - Setting next_dagrun for example_short_circuit_decorator to 2024-09-09T16:30:23.852971+00:00, run_after=2024-09-10T16:30:23.852971+00:00
[2024-09-10T16:30:23.878+0000] {processor.py:179} INFO - Processing /home/airflow/.local/lib/python3.8/site-packages/airflow/example_dags/example_short_circuit_decorator.py took 0.119 seconds
[2024-09-10T16:30:54.757+0000] {processor.py:157} INFO - Started process (PID=230) to work on /home/airflow/.local/lib/python3.8/site-packages/airflow/example_dags/example_short_circuit_decorator.py
[2024-09-10T16:30:54.758+0000] {processor.py:829} INFO - Processing file /home/airflow/.local/lib/python3.8/site-packages/airflow/example_dags/example_short_circuit_decorator.py for tasks to queue
[2024-09-10T16:30:54.761+0000] {logging_mixin.py:151} INFO - [2024-09-10T16:30:54.761+0000] {dagbag.py:539} INFO - Filling up the DagBag from /home/airflow/.local/lib/python3.8/site-packages/airflow/example_dags/example_short_circuit_decorator.py
[2024-09-10T16:30:54.777+0000] {processor.py:839} INFO - DAG(s) dict_keys(['example_short_circuit_decorator']) retrieved from /home/airflow/.local/lib/python3.8/site-packages/airflow/example_dags/example_short_circuit_decorator.py
[2024-09-10T16:30:54.818+0000] {logging_mixin.py:151} INFO - [2024-09-10T16:30:54.818+0000] {dag.py:2907} INFO - Sync 1 DAGs
[2024-09-10T16:30:54.857+0000] {logging_mixin.py:151} INFO - [2024-09-10T16:30:54.857+0000] {dag.py:3677} INFO - Setting next_dagrun for example_short_circuit_decorator to 2024-09-09T16:30:54.857118+00:00, run_after=2024-09-10T16:30:54.857118+00:00
[2024-09-10T16:30:54.889+0000] {processor.py:179} INFO - Processing /home/airflow/.local/lib/python3.8/site-packages/airflow/example_dags/example_short_circuit_decorator.py took 0.136 seconds
