[2024-09-10T16:29:31.327+0000] {processor.py:157} INFO - Started process (PID=83) to work on /home/airflow/.local/lib/python3.8/site-packages/airflow/example_dags/example_local_kubernetes_executor.py
[2024-09-10T16:29:31.335+0000] {processor.py:829} INFO - Processing file /home/airflow/.local/lib/python3.8/site-packages/airflow/example_dags/example_local_kubernetes_executor.py for tasks to queue
[2024-09-10T16:29:31.343+0000] {logging_mixin.py:151} INFO - [2024-09-10T16:29:31.342+0000] {dagbag.py:539} INFO - Filling up the DagBag from /home/airflow/.local/lib/python3.8/site-packages/airflow/example_dags/example_local_kubernetes_executor.py
[2024-09-10T16:29:41.393+0000] {processor.py:839} INFO - DAG(s) dict_keys(['example_local_kubernetes_executor']) retrieved from /home/airflow/.local/lib/python3.8/site-packages/airflow/example_dags/example_local_kubernetes_executor.py
[2024-09-10T16:29:41.722+0000] {logging_mixin.py:151} INFO - [2024-09-10T16:29:41.720+0000] {dag.py:2907} INFO - Sync 1 DAGs
[2024-09-10T16:29:41.810+0000] {logging_mixin.py:151} INFO - [2024-09-10T16:29:41.810+0000] {dag.py:3677} INFO - Setting next_dagrun for example_local_kubernetes_executor to None, run_after=None
[2024-09-10T16:29:41.917+0000] {processor.py:179} INFO - Processing /home/airflow/.local/lib/python3.8/site-packages/airflow/example_dags/example_local_kubernetes_executor.py took 10.713 seconds
[2024-09-10T16:30:12.555+0000] {processor.py:157} INFO - Started process (PID=146) to work on /home/airflow/.local/lib/python3.8/site-packages/airflow/example_dags/example_local_kubernetes_executor.py
[2024-09-10T16:30:12.566+0000] {processor.py:829} INFO - Processing file /home/airflow/.local/lib/python3.8/site-packages/airflow/example_dags/example_local_kubernetes_executor.py for tasks to queue
[2024-09-10T16:30:12.580+0000] {logging_mixin.py:151} INFO - [2024-09-10T16:30:12.579+0000] {dagbag.py:539} INFO - Filling up the DagBag from /home/airflow/.local/lib/python3.8/site-packages/airflow/example_dags/example_local_kubernetes_executor.py
[2024-09-10T16:30:14.320+0000] {processor.py:839} INFO - DAG(s) dict_keys(['example_local_kubernetes_executor']) retrieved from /home/airflow/.local/lib/python3.8/site-packages/airflow/example_dags/example_local_kubernetes_executor.py
[2024-09-10T16:30:14.494+0000] {logging_mixin.py:151} INFO - [2024-09-10T16:30:14.493+0000] {dag.py:2907} INFO - Sync 1 DAGs
[2024-09-10T16:30:14.530+0000] {logging_mixin.py:151} INFO - [2024-09-10T16:30:14.530+0000] {dag.py:3677} INFO - Setting next_dagrun for example_local_kubernetes_executor to None, run_after=None
[2024-09-10T16:30:14.595+0000] {processor.py:179} INFO - Processing /home/airflow/.local/lib/python3.8/site-packages/airflow/example_dags/example_local_kubernetes_executor.py took 2.080 seconds
[2024-09-10T16:30:44.867+0000] {processor.py:157} INFO - Started process (PID=201) to work on /home/airflow/.local/lib/python3.8/site-packages/airflow/example_dags/example_local_kubernetes_executor.py
[2024-09-10T16:30:44.870+0000] {processor.py:829} INFO - Processing file /home/airflow/.local/lib/python3.8/site-packages/airflow/example_dags/example_local_kubernetes_executor.py for tasks to queue
[2024-09-10T16:30:44.874+0000] {logging_mixin.py:151} INFO - [2024-09-10T16:30:44.873+0000] {dagbag.py:539} INFO - Filling up the DagBag from /home/airflow/.local/lib/python3.8/site-packages/airflow/example_dags/example_local_kubernetes_executor.py
[2024-09-10T16:30:45.838+0000] {processor.py:839} INFO - DAG(s) dict_keys(['example_local_kubernetes_executor']) retrieved from /home/airflow/.local/lib/python3.8/site-packages/airflow/example_dags/example_local_kubernetes_executor.py
[2024-09-10T16:30:45.971+0000] {logging_mixin.py:151} INFO - [2024-09-10T16:30:45.969+0000] {dag.py:2907} INFO - Sync 1 DAGs
[2024-09-10T16:30:46.003+0000] {logging_mixin.py:151} INFO - [2024-09-10T16:30:46.002+0000] {dag.py:3677} INFO - Setting next_dagrun for example_local_kubernetes_executor to None, run_after=None
[2024-09-10T16:30:46.042+0000] {processor.py:179} INFO - Processing /home/airflow/.local/lib/python3.8/site-packages/airflow/example_dags/example_local_kubernetes_executor.py took 1.181 seconds
[2024-09-10T16:31:16.454+0000] {processor.py:157} INFO - Started process (PID=256) to work on /home/airflow/.local/lib/python3.8/site-packages/airflow/example_dags/example_local_kubernetes_executor.py
[2024-09-10T16:31:16.456+0000] {processor.py:829} INFO - Processing file /home/airflow/.local/lib/python3.8/site-packages/airflow/example_dags/example_local_kubernetes_executor.py for tasks to queue
[2024-09-10T16:31:16.459+0000] {logging_mixin.py:151} INFO - [2024-09-10T16:31:16.458+0000] {dagbag.py:539} INFO - Filling up the DagBag from /home/airflow/.local/lib/python3.8/site-packages/airflow/example_dags/example_local_kubernetes_executor.py
[2024-09-10T16:31:16.918+0000] {processor.py:839} INFO - DAG(s) dict_keys(['example_local_kubernetes_executor']) retrieved from /home/airflow/.local/lib/python3.8/site-packages/airflow/example_dags/example_local_kubernetes_executor.py
[2024-09-10T16:31:16.979+0000] {logging_mixin.py:151} INFO - [2024-09-10T16:31:16.978+0000] {dag.py:2907} INFO - Sync 1 DAGs
[2024-09-10T16:31:16.999+0000] {logging_mixin.py:151} INFO - [2024-09-10T16:31:16.999+0000] {dag.py:3677} INFO - Setting next_dagrun for example_local_kubernetes_executor to None, run_after=None
[2024-09-10T16:31:17.022+0000] {processor.py:179} INFO - Processing /home/airflow/.local/lib/python3.8/site-packages/airflow/example_dags/example_local_kubernetes_executor.py took 0.570 seconds
