[2024-09-10T16:29:23.533+0000] {processor.py:157} INFO - Started process (PID=69) to work on /home/airflow/.local/lib/python3.8/site-packages/airflow/example_dags/example_setup_teardown_taskflow.py
[2024-09-10T16:29:23.557+0000] {processor.py:829} INFO - Processing file /home/airflow/.local/lib/python3.8/site-packages/airflow/example_dags/example_setup_teardown_taskflow.py for tasks to queue
[2024-09-10T16:29:23.592+0000] {logging_mixin.py:151} INFO - [2024-09-10T16:29:23.591+0000] {dagbag.py:539} INFO - Filling up the DagBag from /home/airflow/.local/lib/python3.8/site-packages/airflow/example_dags/example_setup_teardown_taskflow.py
[2024-09-10T16:29:23.689+0000] {processor.py:839} INFO - DAG(s) dict_keys(['example_setup_teardown_taskflow']) retrieved from /home/airflow/.local/lib/python3.8/site-packages/airflow/example_dags/example_setup_teardown_taskflow.py
[2024-09-10T16:29:23.928+0000] {logging_mixin.py:151} INFO - [2024-09-10T16:29:23.928+0000] {dag.py:2907} INFO - Sync 1 DAGs
[2024-09-10T16:29:24.408+0000] {logging_mixin.py:151} INFO - [2024-09-10T16:29:24.407+0000] {dag.py:3677} INFO - Setting next_dagrun for example_setup_teardown_taskflow to 2024-09-09T16:29:24.397537+00:00, run_after=2024-09-10T16:29:24.397537+00:00
[2024-09-10T16:29:24.497+0000] {processor.py:179} INFO - Processing /home/airflow/.local/lib/python3.8/site-packages/airflow/example_dags/example_setup_teardown_taskflow.py took 0.984 seconds
[2024-09-10T16:29:54.650+0000] {processor.py:157} INFO - Started process (PID=123) to work on /home/airflow/.local/lib/python3.8/site-packages/airflow/example_dags/example_setup_teardown_taskflow.py
[2024-09-10T16:29:54.652+0000] {processor.py:829} INFO - Processing file /home/airflow/.local/lib/python3.8/site-packages/airflow/example_dags/example_setup_teardown_taskflow.py for tasks to queue
[2024-09-10T16:29:54.655+0000] {logging_mixin.py:151} INFO - [2024-09-10T16:29:54.655+0000] {dagbag.py:539} INFO - Filling up the DagBag from /home/airflow/.local/lib/python3.8/site-packages/airflow/example_dags/example_setup_teardown_taskflow.py
[2024-09-10T16:29:54.665+0000] {processor.py:839} INFO - DAG(s) dict_keys(['example_setup_teardown_taskflow']) retrieved from /home/airflow/.local/lib/python3.8/site-packages/airflow/example_dags/example_setup_teardown_taskflow.py
[2024-09-10T16:29:54.694+0000] {logging_mixin.py:151} INFO - [2024-09-10T16:29:54.694+0000] {dag.py:2907} INFO - Sync 1 DAGs
[2024-09-10T16:29:54.733+0000] {logging_mixin.py:151} INFO - [2024-09-10T16:29:54.733+0000] {dag.py:3677} INFO - Setting next_dagrun for example_setup_teardown_taskflow to 2024-09-09T16:29:54.733170+00:00, run_after=2024-09-10T16:29:54.733170+00:00
[2024-09-10T16:29:54.758+0000] {processor.py:179} INFO - Processing /home/airflow/.local/lib/python3.8/site-packages/airflow/example_dags/example_setup_teardown_taskflow.py took 0.112 seconds
[2024-09-10T16:30:25.213+0000] {processor.py:157} INFO - Started process (PID=179) to work on /home/airflow/.local/lib/python3.8/site-packages/airflow/example_dags/example_setup_teardown_taskflow.py
[2024-09-10T16:30:25.215+0000] {processor.py:829} INFO - Processing file /home/airflow/.local/lib/python3.8/site-packages/airflow/example_dags/example_setup_teardown_taskflow.py for tasks to queue
[2024-09-10T16:30:25.218+0000] {logging_mixin.py:151} INFO - [2024-09-10T16:30:25.218+0000] {dagbag.py:539} INFO - Filling up the DagBag from /home/airflow/.local/lib/python3.8/site-packages/airflow/example_dags/example_setup_teardown_taskflow.py
[2024-09-10T16:30:25.230+0000] {processor.py:839} INFO - DAG(s) dict_keys(['example_setup_teardown_taskflow']) retrieved from /home/airflow/.local/lib/python3.8/site-packages/airflow/example_dags/example_setup_teardown_taskflow.py
[2024-09-10T16:30:25.260+0000] {logging_mixin.py:151} INFO - [2024-09-10T16:30:25.260+0000] {dag.py:2907} INFO - Sync 1 DAGs
[2024-09-10T16:30:25.288+0000] {logging_mixin.py:151} INFO - [2024-09-10T16:30:25.288+0000] {dag.py:3677} INFO - Setting next_dagrun for example_setup_teardown_taskflow to 2024-09-09T16:30:25.288148+00:00, run_after=2024-09-10T16:30:25.288148+00:00
[2024-09-10T16:30:25.317+0000] {processor.py:179} INFO - Processing /home/airflow/.local/lib/python3.8/site-packages/airflow/example_dags/example_setup_teardown_taskflow.py took 0.108 seconds
[2024-09-10T16:30:56.213+0000] {processor.py:157} INFO - Started process (PID=234) to work on /home/airflow/.local/lib/python3.8/site-packages/airflow/example_dags/example_setup_teardown_taskflow.py
[2024-09-10T16:30:56.214+0000] {processor.py:829} INFO - Processing file /home/airflow/.local/lib/python3.8/site-packages/airflow/example_dags/example_setup_teardown_taskflow.py for tasks to queue
[2024-09-10T16:30:56.217+0000] {logging_mixin.py:151} INFO - [2024-09-10T16:30:56.217+0000] {dagbag.py:539} INFO - Filling up the DagBag from /home/airflow/.local/lib/python3.8/site-packages/airflow/example_dags/example_setup_teardown_taskflow.py
[2024-09-10T16:30:56.227+0000] {processor.py:839} INFO - DAG(s) dict_keys(['example_setup_teardown_taskflow']) retrieved from /home/airflow/.local/lib/python3.8/site-packages/airflow/example_dags/example_setup_teardown_taskflow.py
[2024-09-10T16:30:56.250+0000] {logging_mixin.py:151} INFO - [2024-09-10T16:30:56.250+0000] {dag.py:2907} INFO - Sync 1 DAGs
[2024-09-10T16:30:56.275+0000] {logging_mixin.py:151} INFO - [2024-09-10T16:30:56.275+0000] {dag.py:3677} INFO - Setting next_dagrun for example_setup_teardown_taskflow to 2024-09-09T16:30:56.275129+00:00, run_after=2024-09-10T16:30:56.275129+00:00
[2024-09-10T16:30:56.300+0000] {processor.py:179} INFO - Processing /home/airflow/.local/lib/python3.8/site-packages/airflow/example_dags/example_setup_teardown_taskflow.py took 0.090 seconds
