[2024-09-10T16:29:14.354+0000] {processor.py:157} INFO - Started process (PID=48) to work on /home/airflow/.local/lib/python3.8/site-packages/airflow/example_dags/example_time_delta_sensor_async.py
[2024-09-10T16:29:14.371+0000] {processor.py:829} INFO - Processing file /home/airflow/.local/lib/python3.8/site-packages/airflow/example_dags/example_time_delta_sensor_async.py for tasks to queue
[2024-09-10T16:29:14.381+0000] {logging_mixin.py:151} INFO - [2024-09-10T16:29:14.380+0000] {dagbag.py:539} INFO - Filling up the DagBag from /home/airflow/.local/lib/python3.8/site-packages/airflow/example_dags/example_time_delta_sensor_async.py
[2024-09-10T16:29:14.422+0000] {processor.py:839} INFO - DAG(s) dict_keys(['example_time_delta_sensor_async']) retrieved from /home/airflow/.local/lib/python3.8/site-packages/airflow/example_dags/example_time_delta_sensor_async.py
[2024-09-10T16:29:14.664+0000] {logging_mixin.py:151} INFO - [2024-09-10T16:29:14.663+0000] {dag.py:2907} INFO - Sync 1 DAGs
[2024-09-10T16:29:14.866+0000] {logging_mixin.py:151} INFO - [2024-09-10T16:29:14.866+0000] {dag.py:3677} INFO - Setting next_dagrun for example_time_delta_sensor_async to None, run_after=None
[2024-09-10T16:29:15.133+0000] {processor.py:179} INFO - Processing /home/airflow/.local/lib/python3.8/site-packages/airflow/example_dags/example_time_delta_sensor_async.py took 0.853 seconds
[2024-09-10T16:29:45.926+0000] {processor.py:157} INFO - Started process (PID=102) to work on /home/airflow/.local/lib/python3.8/site-packages/airflow/example_dags/example_time_delta_sensor_async.py
[2024-09-10T16:29:45.927+0000] {processor.py:829} INFO - Processing file /home/airflow/.local/lib/python3.8/site-packages/airflow/example_dags/example_time_delta_sensor_async.py for tasks to queue
[2024-09-10T16:29:45.930+0000] {logging_mixin.py:151} INFO - [2024-09-10T16:29:45.930+0000] {dagbag.py:539} INFO - Filling up the DagBag from /home/airflow/.local/lib/python3.8/site-packages/airflow/example_dags/example_time_delta_sensor_async.py
[2024-09-10T16:29:45.937+0000] {processor.py:839} INFO - DAG(s) dict_keys(['example_time_delta_sensor_async']) retrieved from /home/airflow/.local/lib/python3.8/site-packages/airflow/example_dags/example_time_delta_sensor_async.py
[2024-09-10T16:29:45.974+0000] {logging_mixin.py:151} INFO - [2024-09-10T16:29:45.973+0000] {dag.py:2907} INFO - Sync 1 DAGs
[2024-09-10T16:29:45.998+0000] {logging_mixin.py:151} INFO - [2024-09-10T16:29:45.997+0000] {dag.py:3677} INFO - Setting next_dagrun for example_time_delta_sensor_async to None, run_after=None
[2024-09-10T16:29:46.035+0000] {processor.py:179} INFO - Processing /home/airflow/.local/lib/python3.8/site-packages/airflow/example_dags/example_time_delta_sensor_async.py took 0.114 seconds
[2024-09-10T16:30:16.249+0000] {processor.py:157} INFO - Started process (PID=156) to work on /home/airflow/.local/lib/python3.8/site-packages/airflow/example_dags/example_time_delta_sensor_async.py
[2024-09-10T16:30:16.252+0000] {processor.py:829} INFO - Processing file /home/airflow/.local/lib/python3.8/site-packages/airflow/example_dags/example_time_delta_sensor_async.py for tasks to queue
[2024-09-10T16:30:16.269+0000] {logging_mixin.py:151} INFO - [2024-09-10T16:30:16.268+0000] {dagbag.py:539} INFO - Filling up the DagBag from /home/airflow/.local/lib/python3.8/site-packages/airflow/example_dags/example_time_delta_sensor_async.py
[2024-09-10T16:30:16.288+0000] {processor.py:839} INFO - DAG(s) dict_keys(['example_time_delta_sensor_async']) retrieved from /home/airflow/.local/lib/python3.8/site-packages/airflow/example_dags/example_time_delta_sensor_async.py
[2024-09-10T16:30:16.362+0000] {logging_mixin.py:151} INFO - [2024-09-10T16:30:16.361+0000] {dag.py:2907} INFO - Sync 1 DAGs
[2024-09-10T16:30:16.406+0000] {logging_mixin.py:151} INFO - [2024-09-10T16:30:16.405+0000] {dag.py:3677} INFO - Setting next_dagrun for example_time_delta_sensor_async to None, run_after=None
[2024-09-10T16:30:16.472+0000] {processor.py:179} INFO - Processing /home/airflow/.local/lib/python3.8/site-packages/airflow/example_dags/example_time_delta_sensor_async.py took 0.234 seconds
[2024-09-10T16:30:46.976+0000] {processor.py:157} INFO - Started process (PID=209) to work on /home/airflow/.local/lib/python3.8/site-packages/airflow/example_dags/example_time_delta_sensor_async.py
[2024-09-10T16:30:46.978+0000] {processor.py:829} INFO - Processing file /home/airflow/.local/lib/python3.8/site-packages/airflow/example_dags/example_time_delta_sensor_async.py for tasks to queue
[2024-09-10T16:30:46.982+0000] {logging_mixin.py:151} INFO - [2024-09-10T16:30:46.981+0000] {dagbag.py:539} INFO - Filling up the DagBag from /home/airflow/.local/lib/python3.8/site-packages/airflow/example_dags/example_time_delta_sensor_async.py
[2024-09-10T16:30:46.993+0000] {processor.py:839} INFO - DAG(s) dict_keys(['example_time_delta_sensor_async']) retrieved from /home/airflow/.local/lib/python3.8/site-packages/airflow/example_dags/example_time_delta_sensor_async.py
[2024-09-10T16:30:47.031+0000] {logging_mixin.py:151} INFO - [2024-09-10T16:30:47.031+0000] {dag.py:2907} INFO - Sync 1 DAGs
[2024-09-10T16:30:47.055+0000] {logging_mixin.py:151} INFO - [2024-09-10T16:30:47.055+0000] {dag.py:3677} INFO - Setting next_dagrun for example_time_delta_sensor_async to None, run_after=None
[2024-09-10T16:30:47.254+0000] {processor.py:179} INFO - Processing /home/airflow/.local/lib/python3.8/site-packages/airflow/example_dags/example_time_delta_sensor_async.py took 0.285 seconds
[2024-09-10T16:31:17.724+0000] {processor.py:157} INFO - Started process (PID=266) to work on /home/airflow/.local/lib/python3.8/site-packages/airflow/example_dags/example_time_delta_sensor_async.py
[2024-09-10T16:31:17.725+0000] {processor.py:829} INFO - Processing file /home/airflow/.local/lib/python3.8/site-packages/airflow/example_dags/example_time_delta_sensor_async.py for tasks to queue
[2024-09-10T16:31:17.728+0000] {logging_mixin.py:151} INFO - [2024-09-10T16:31:17.727+0000] {dagbag.py:539} INFO - Filling up the DagBag from /home/airflow/.local/lib/python3.8/site-packages/airflow/example_dags/example_time_delta_sensor_async.py
[2024-09-10T16:31:17.734+0000] {processor.py:839} INFO - DAG(s) dict_keys(['example_time_delta_sensor_async']) retrieved from /home/airflow/.local/lib/python3.8/site-packages/airflow/example_dags/example_time_delta_sensor_async.py
[2024-09-10T16:31:17.756+0000] {logging_mixin.py:151} INFO - [2024-09-10T16:31:17.755+0000] {dag.py:2907} INFO - Sync 1 DAGs
[2024-09-10T16:31:17.770+0000] {logging_mixin.py:151} INFO - [2024-09-10T16:31:17.769+0000] {dag.py:3677} INFO - Setting next_dagrun for example_time_delta_sensor_async to None, run_after=None
[2024-09-10T16:31:17.794+0000] {processor.py:179} INFO - Processing /home/airflow/.local/lib/python3.8/site-packages/airflow/example_dags/example_time_delta_sensor_async.py took 0.074 seconds
