[2024-09-10T16:29:17.475+0000] {processor.py:157} INFO - Started process (PID=52) to work on /home/airflow/.local/lib/python3.8/site-packages/airflow/example_dags/tutorial_dag.py
[2024-09-10T16:29:17.520+0000] {processor.py:829} INFO - Processing file /home/airflow/.local/lib/python3.8/site-packages/airflow/example_dags/tutorial_dag.py for tasks to queue
[2024-09-10T16:29:17.535+0000] {logging_mixin.py:151} INFO - [2024-09-10T16:29:17.534+0000] {dagbag.py:539} INFO - Filling up the DagBag from /home/airflow/.local/lib/python3.8/site-packages/airflow/example_dags/tutorial_dag.py
[2024-09-10T16:29:17.718+0000] {processor.py:839} INFO - DAG(s) dict_keys(['tutorial_dag']) retrieved from /home/airflow/.local/lib/python3.8/site-packages/airflow/example_dags/tutorial_dag.py
[2024-09-10T16:29:17.926+0000] {logging_mixin.py:151} INFO - [2024-09-10T16:29:17.926+0000] {dag.py:2907} INFO - Sync 1 DAGs
[2024-09-10T16:29:17.993+0000] {logging_mixin.py:151} INFO - [2024-09-10T16:29:17.992+0000] {dag.py:3677} INFO - Setting next_dagrun for tutorial_dag to None, run_after=None
[2024-09-10T16:29:18.076+0000] {processor.py:179} INFO - Processing /home/airflow/.local/lib/python3.8/site-packages/airflow/example_dags/tutorial_dag.py took 0.615 seconds
[2024-09-10T16:29:48.257+0000] {processor.py:157} INFO - Started process (PID=106) to work on /home/airflow/.local/lib/python3.8/site-packages/airflow/example_dags/tutorial_dag.py
[2024-09-10T16:29:48.259+0000] {processor.py:829} INFO - Processing file /home/airflow/.local/lib/python3.8/site-packages/airflow/example_dags/tutorial_dag.py for tasks to queue
[2024-09-10T16:29:48.267+0000] {logging_mixin.py:151} INFO - [2024-09-10T16:29:48.266+0000] {dagbag.py:539} INFO - Filling up the DagBag from /home/airflow/.local/lib/python3.8/site-packages/airflow/example_dags/tutorial_dag.py
[2024-09-10T16:29:48.279+0000] {processor.py:839} INFO - DAG(s) dict_keys(['tutorial_dag']) retrieved from /home/airflow/.local/lib/python3.8/site-packages/airflow/example_dags/tutorial_dag.py
[2024-09-10T16:29:48.330+0000] {logging_mixin.py:151} INFO - [2024-09-10T16:29:48.329+0000] {dag.py:2907} INFO - Sync 1 DAGs
[2024-09-10T16:29:48.363+0000] {logging_mixin.py:151} INFO - [2024-09-10T16:29:48.363+0000] {dag.py:3677} INFO - Setting next_dagrun for tutorial_dag to None, run_after=None
[2024-09-10T16:29:48.402+0000] {processor.py:179} INFO - Processing /home/airflow/.local/lib/python3.8/site-packages/airflow/example_dags/tutorial_dag.py took 0.152 seconds
[2024-09-10T16:30:19.065+0000] {processor.py:157} INFO - Started process (PID=162) to work on /home/airflow/.local/lib/python3.8/site-packages/airflow/example_dags/tutorial_dag.py
[2024-09-10T16:30:19.067+0000] {processor.py:829} INFO - Processing file /home/airflow/.local/lib/python3.8/site-packages/airflow/example_dags/tutorial_dag.py for tasks to queue
[2024-09-10T16:30:19.072+0000] {logging_mixin.py:151} INFO - [2024-09-10T16:30:19.071+0000] {dagbag.py:539} INFO - Filling up the DagBag from /home/airflow/.local/lib/python3.8/site-packages/airflow/example_dags/tutorial_dag.py
[2024-09-10T16:30:19.086+0000] {processor.py:839} INFO - DAG(s) dict_keys(['tutorial_dag']) retrieved from /home/airflow/.local/lib/python3.8/site-packages/airflow/example_dags/tutorial_dag.py
[2024-09-10T16:30:19.139+0000] {logging_mixin.py:151} INFO - [2024-09-10T16:30:19.139+0000] {dag.py:2907} INFO - Sync 1 DAGs
[2024-09-10T16:30:19.181+0000] {logging_mixin.py:151} INFO - [2024-09-10T16:30:19.181+0000] {dag.py:3677} INFO - Setting next_dagrun for tutorial_dag to None, run_after=None
[2024-09-10T16:30:19.257+0000] {processor.py:179} INFO - Processing /home/airflow/.local/lib/python3.8/site-packages/airflow/example_dags/tutorial_dag.py took 0.200 seconds
[2024-09-10T16:30:49.453+0000] {processor.py:157} INFO - Started process (PID=216) to work on /home/airflow/.local/lib/python3.8/site-packages/airflow/example_dags/tutorial_dag.py
[2024-09-10T16:30:49.455+0000] {processor.py:829} INFO - Processing file /home/airflow/.local/lib/python3.8/site-packages/airflow/example_dags/tutorial_dag.py for tasks to queue
[2024-09-10T16:30:49.460+0000] {logging_mixin.py:151} INFO - [2024-09-10T16:30:49.459+0000] {dagbag.py:539} INFO - Filling up the DagBag from /home/airflow/.local/lib/python3.8/site-packages/airflow/example_dags/tutorial_dag.py
[2024-09-10T16:30:49.470+0000] {processor.py:839} INFO - DAG(s) dict_keys(['tutorial_dag']) retrieved from /home/airflow/.local/lib/python3.8/site-packages/airflow/example_dags/tutorial_dag.py
[2024-09-10T16:30:49.533+0000] {logging_mixin.py:151} INFO - [2024-09-10T16:30:49.533+0000] {dag.py:2907} INFO - Sync 1 DAGs
[2024-09-10T16:30:49.811+0000] {logging_mixin.py:151} INFO - [2024-09-10T16:30:49.811+0000] {dag.py:3677} INFO - Setting next_dagrun for tutorial_dag to None, run_after=None
[2024-09-10T16:30:49.846+0000] {processor.py:179} INFO - Processing /home/airflow/.local/lib/python3.8/site-packages/airflow/example_dags/tutorial_dag.py took 0.402 seconds
