[2024-09-11T06:44:46.759+0000] {local_task_job_runner.py:123} INFO - ::group::Pre task execution logs
[2024-09-11T06:44:46.776+0000] {taskinstance.py:2603} INFO - Dependencies all met for dep_context=non-requeueable deps ti=<TaskInstance: Filter_data.query_data_from_mongo manual__2024-09-11T06:44:45.673909+00:00 [queued]>
[2024-09-11T06:44:46.786+0000] {taskinstance.py:2603} INFO - Dependencies all met for dep_context=requeueable deps ti=<TaskInstance: Filter_data.query_data_from_mongo manual__2024-09-11T06:44:45.673909+00:00 [queued]>
[2024-09-11T06:44:46.787+0000] {taskinstance.py:2856} INFO - Starting attempt 1 of 2
[2024-09-11T06:44:46.803+0000] {taskinstance.py:2879} INFO - Executing <Task(PythonOperator): query_data_from_mongo> on 2024-09-11 06:44:45.673909+00:00
[2024-09-11T06:44:46.813+0000] {logging_mixin.py:190} WARNING - /home/***/.local/lib/python3.12/site-packages/***/task/task_runner/standard_task_runner.py:70 DeprecationWarning: This process (pid=13418) is multi-threaded, use of fork() may lead to deadlocks in the child.
[2024-09-11T06:44:46.815+0000] {standard_task_runner.py:72} INFO - Started process 13419 to run task
[2024-09-11T06:44:46.813+0000] {standard_task_runner.py:104} INFO - Running: ['***', 'tasks', 'run', 'Filter_data', 'query_data_from_mongo', 'manual__2024-09-11T06:44:45.673909+00:00', '--job-id', '61', '--raw', '--subdir', 'DAGS_FOLDER/data-prep-for-model.py', '--cfg-path', '/tmp/tmpboj5p1q0']
[2024-09-11T06:44:46.816+0000] {standard_task_runner.py:105} INFO - Job 61: Subtask query_data_from_mongo
[2024-09-11T06:44:46.871+0000] {task_command.py:467} INFO - Running <TaskInstance: Filter_data.query_data_from_mongo manual__2024-09-11T06:44:45.673909+00:00 [running]> on host dca6f81c3bd4
[2024-09-11T06:44:46.975+0000] {taskinstance.py:3122} INFO - Exporting env vars: AIRFLOW_CTX_DAG_OWNER='***' AIRFLOW_CTX_DAG_ID='Filter_data' AIRFLOW_CTX_TASK_ID='query_data_from_mongo' AIRFLOW_CTX_EXECUTION_DATE='2024-09-11T06:44:45.673909+00:00' AIRFLOW_CTX_TRY_NUMBER='1' AIRFLOW_CTX_DAG_RUN_ID='manual__2024-09-11T06:44:45.673909+00:00'
[2024-09-11T06:44:46.976+0000] {taskinstance.py:731} INFO - ::endgroup::
[2024-09-11T06:44:47.043+0000] {transport.py:1923} INFO - Connected (version 2.0, client OpenSSH_8.2p1)
[2024-09-11T06:44:47.095+0000] {transport.py:1923} INFO - Authentication (password) successful!
[2024-09-11T06:44:50.839+0000] {python.py:240} INFO - Done. Returned value was: /opt/***/data/mongo_data.json
[2024-09-11T06:44:50.856+0000] {taskinstance.py:340} INFO - ::group::Post task execution logs
[2024-09-11T06:44:50.857+0000] {taskinstance.py:352} INFO - Marking task as SUCCESS. dag_id=Filter_data, task_id=query_data_from_mongo, run_id=manual__2024-09-11T06:44:45.673909+00:00, execution_date=20240911T064445, start_date=20240911T064446, end_date=20240911T064450
[2024-09-11T06:44:50.892+0000] {local_task_job_runner.py:261} INFO - Task exited with return code 0
[2024-09-11T06:44:50.917+0000] {taskinstance.py:3891} INFO - 1 downstream tasks scheduled from follow-on schedule check
[2024-09-11T06:44:50.920+0000] {local_task_job_runner.py:240} INFO - ::endgroup::
