[2024-09-11T06:38:52.366+0000] {local_task_job_runner.py:123} INFO - ::group::Pre task execution logs
[2024-09-11T06:38:52.383+0000] {taskinstance.py:2603} INFO - Dependencies all met for dep_context=non-requeueable deps ti=<TaskInstance: Filter_data.transform_label manual__2024-09-11T06:38:44.118552+00:00 [queued]>
[2024-09-11T06:38:52.394+0000] {taskinstance.py:2603} INFO - Dependencies all met for dep_context=requeueable deps ti=<TaskInstance: Filter_data.transform_label manual__2024-09-11T06:38:44.118552+00:00 [queued]>
[2024-09-11T06:38:52.394+0000] {taskinstance.py:2856} INFO - Starting attempt 1 of 2
[2024-09-11T06:38:52.409+0000] {taskinstance.py:2879} INFO - Executing <Task(PythonOperator): transform_label> on 2024-09-11 06:38:44.118552+00:00
[2024-09-11T06:38:52.418+0000] {logging_mixin.py:190} WARNING - /home/***/.local/lib/python3.12/site-packages/***/task/task_runner/standard_task_runner.py:70 DeprecationWarning: This process (pid=13090) is multi-threaded, use of fork() may lead to deadlocks in the child.
[2024-09-11T06:38:52.419+0000] {standard_task_runner.py:72} INFO - Started process 13091 to run task
[2024-09-11T06:38:52.418+0000] {standard_task_runner.py:104} INFO - Running: ['***', 'tasks', 'run', 'Filter_data', 'transform_label', 'manual__2024-09-11T06:38:44.118552+00:00', '--job-id', '49', '--raw', '--subdir', 'DAGS_FOLDER/data-prep-for-model.py', '--cfg-path', '/tmp/tmpc1l91n8z']
[2024-09-11T06:38:52.421+0000] {standard_task_runner.py:105} INFO - Job 49: Subtask transform_label
[2024-09-11T06:38:52.465+0000] {task_command.py:467} INFO - Running <TaskInstance: Filter_data.transform_label manual__2024-09-11T06:38:44.118552+00:00 [running]> on host dca6f81c3bd4
[2024-09-11T06:38:52.562+0000] {taskinstance.py:3122} INFO - Exporting env vars: AIRFLOW_CTX_DAG_OWNER='***' AIRFLOW_CTX_DAG_ID='Filter_data' AIRFLOW_CTX_TASK_ID='transform_label' AIRFLOW_CTX_EXECUTION_DATE='2024-09-11T06:38:44.118552+00:00' AIRFLOW_CTX_TRY_NUMBER='1' AIRFLOW_CTX_DAG_RUN_ID='manual__2024-09-11T06:38:44.118552+00:00'
[2024-09-11T06:38:52.564+0000] {taskinstance.py:731} INFO - ::endgroup::
[2024-09-11T06:38:52.815+0000] {taskinstance.py:3301} ERROR - Task failed with exception
Traceback (most recent call last):
  File "/home/airflow/.local/lib/python3.12/site-packages/airflow/models/taskinstance.py", line 767, in _execute_task
    result = _execute_callable(context=context, **execute_callable_kwargs)
             ^^^^^^^^^^^^^^^^^^^^^^^^^^^^^^^^^^^^^^^^^^^^^^^^^^^^^^^^^^^^^
  File "/home/airflow/.local/lib/python3.12/site-packages/airflow/models/taskinstance.py", line 733, in _execute_callable
    return ExecutionCallableRunner(
           ^^^^^^^^^^^^^^^^^^^^^^^^
  File "/home/airflow/.local/lib/python3.12/site-packages/airflow/utils/operator_helpers.py", line 252, in run
    return self.func(*args, **kwargs)
           ^^^^^^^^^^^^^^^^^^^^^^^^^^
  File "/home/airflow/.local/lib/python3.12/site-packages/airflow/models/baseoperator.py", line 406, in wrapper
    return func(self, *args, **kwargs)
           ^^^^^^^^^^^^^^^^^^^^^^^^^^^
  File "/home/airflow/.local/lib/python3.12/site-packages/airflow/operators/python.py", line 238, in execute
    return_value = self.execute_callable()
                   ^^^^^^^^^^^^^^^^^^^^^^^
  File "/home/airflow/.local/lib/python3.12/site-packages/airflow/operators/python.py", line 256, in execute_callable
    return runner.run(*self.op_args, **self.op_kwargs)
           ^^^^^^^^^^^^^^^^^^^^^^^^^^^^^^^^^^^^^^^^^^^
  File "/home/airflow/.local/lib/python3.12/site-packages/airflow/utils/operator_helpers.py", line 252, in run
    return self.func(*args, **kwargs)
           ^^^^^^^^^^^^^^^^^^^^^^^^^^
  File "/opt/airflow/dags/data-prep-for-model.py", line 119, in transform_label
    for label in label_data:
                 ^^^^^^^^^^
TypeError: 'NoneType' object is not iterable
[2024-09-11T06:38:52.828+0000] {taskinstance.py:1225} INFO - Marking task as UP_FOR_RETRY. dag_id=Filter_data, task_id=transform_label, run_id=manual__2024-09-11T06:38:44.118552+00:00, execution_date=20240911T063844, start_date=20240911T063852, end_date=20240911T063852
[2024-09-11T06:38:52.841+0000] {taskinstance.py:340} INFO - ::group::Post task execution logs
[2024-09-11T06:38:52.842+0000] {standard_task_runner.py:124} ERROR - Failed to execute job 49 for task transform_label ('NoneType' object is not iterable; 13091)
Traceback (most recent call last):
  File "/home/airflow/.local/lib/python3.12/site-packages/airflow/task/task_runner/standard_task_runner.py", line 117, in _start_by_fork
    ret = args.func(args, dag=self.dag)
          ^^^^^^^^^^^^^^^^^^^^^^^^^^^^^
  File "/home/airflow/.local/lib/python3.12/site-packages/airflow/cli/cli_config.py", line 49, in command
    return func(*args, **kwargs)
           ^^^^^^^^^^^^^^^^^^^^^
  File "/home/airflow/.local/lib/python3.12/site-packages/airflow/utils/cli.py", line 115, in wrapper
    return f(*args, **kwargs)
           ^^^^^^^^^^^^^^^^^^
  File "/home/airflow/.local/lib/python3.12/site-packages/airflow/cli/commands/task_command.py", line 483, in task_run
    task_return_code = _run_task_by_selected_method(args, _dag, ti)
                       ^^^^^^^^^^^^^^^^^^^^^^^^^^^^^^^^^^^^^^^^^^^^
  File "/home/airflow/.local/lib/python3.12/site-packages/airflow/cli/commands/task_command.py", line 256, in _run_task_by_selected_method
    return _run_raw_task(args, ti)
           ^^^^^^^^^^^^^^^^^^^^^^^
  File "/home/airflow/.local/lib/python3.12/site-packages/airflow/cli/commands/task_command.py", line 341, in _run_raw_task
    return ti._run_raw_task(
           ^^^^^^^^^^^^^^^^^
  File "/home/airflow/.local/lib/python3.12/site-packages/airflow/utils/session.py", line 97, in wrapper
    return func(*args, session=session, **kwargs)
           ^^^^^^^^^^^^^^^^^^^^^^^^^^^^^^^^^^^^^^
  File "/home/airflow/.local/lib/python3.12/site-packages/airflow/models/taskinstance.py", line 2995, in _run_raw_task
    return _run_raw_task(
           ^^^^^^^^^^^^^^
  File "/home/airflow/.local/lib/python3.12/site-packages/airflow/models/taskinstance.py", line 273, in _run_raw_task
    TaskInstance._execute_task_with_callbacks(
  File "/home/airflow/.local/lib/python3.12/site-packages/airflow/models/taskinstance.py", line 3149, in _execute_task_with_callbacks
    result = self._execute_task(context, task_orig)
             ^^^^^^^^^^^^^^^^^^^^^^^^^^^^^^^^^^^^^^
  File "/home/airflow/.local/lib/python3.12/site-packages/airflow/models/taskinstance.py", line 3173, in _execute_task
    return _execute_task(self, context, task_orig)
           ^^^^^^^^^^^^^^^^^^^^^^^^^^^^^^^^^^^^^^^
  File "/home/airflow/.local/lib/python3.12/site-packages/airflow/models/taskinstance.py", line 767, in _execute_task
    result = _execute_callable(context=context, **execute_callable_kwargs)
             ^^^^^^^^^^^^^^^^^^^^^^^^^^^^^^^^^^^^^^^^^^^^^^^^^^^^^^^^^^^^^
  File "/home/airflow/.local/lib/python3.12/site-packages/airflow/models/taskinstance.py", line 733, in _execute_callable
    return ExecutionCallableRunner(
           ^^^^^^^^^^^^^^^^^^^^^^^^
  File "/home/airflow/.local/lib/python3.12/site-packages/airflow/utils/operator_helpers.py", line 252, in run
    return self.func(*args, **kwargs)
           ^^^^^^^^^^^^^^^^^^^^^^^^^^
  File "/home/airflow/.local/lib/python3.12/site-packages/airflow/models/baseoperator.py", line 406, in wrapper
    return func(self, *args, **kwargs)
           ^^^^^^^^^^^^^^^^^^^^^^^^^^^
  File "/home/airflow/.local/lib/python3.12/site-packages/airflow/operators/python.py", line 238, in execute
    return_value = self.execute_callable()
                   ^^^^^^^^^^^^^^^^^^^^^^^
  File "/home/airflow/.local/lib/python3.12/site-packages/airflow/operators/python.py", line 256, in execute_callable
    return runner.run(*self.op_args, **self.op_kwargs)
           ^^^^^^^^^^^^^^^^^^^^^^^^^^^^^^^^^^^^^^^^^^^
  File "/home/airflow/.local/lib/python3.12/site-packages/airflow/utils/operator_helpers.py", line 252, in run
    return self.func(*args, **kwargs)
           ^^^^^^^^^^^^^^^^^^^^^^^^^^
  File "/opt/airflow/dags/data-prep-for-model.py", line 119, in transform_label
    for label in label_data:
                 ^^^^^^^^^^
TypeError: 'NoneType' object is not iterable
[2024-09-11T06:38:52.876+0000] {local_task_job_runner.py:261} INFO - Task exited with return code 1
[2024-09-11T06:38:52.890+0000] {taskinstance.py:3891} INFO - 0 downstream tasks scheduled from follow-on schedule check
[2024-09-11T06:38:52.891+0000] {local_task_job_runner.py:240} INFO - ::endgroup::
